The Dart VM service is listening on http://127.0.0.1:53762/wG32T9X7yC4=/
The Dart DevTools debugger and profiler is available at: http://127.0.0.1:53762/wG32T9X7yC4=/devtools?uri=ws://127.0.0.1:53762/wG32T9X7yC4=/ws
The Dart VM service is listening on http://127.0.0.1:61439/8OX6JoCwfdE=/
The Dart DevTools debugger and profiler is available at: http://127.0.0.1:61439/8OX6JoCwfdE=/devtools?uri=ws://127.0.0.1:61439/8OX6JoCwfdE=/ws
The Dart VM service is listening on http://127.0.0.1:50466/BMe2bZAsnf8=/
The Dart DevTools debugger and profiler is available at: http://127.0.0.1:50466/BMe2bZAsnf8=/devtools?uri=ws://127.0.0.1:50466/BMe2bZAsnf8=/ws
The Dart VM service is listening on http://127.0.0.1:50584/RiWTV4KM4As=/
The Dart DevTools debugger and profiler is available at: http://127.0.0.1:50584/RiWTV4KM4As=/devtools?uri=ws://127.0.0.1:50584/RiWTV4KM4As=/ws
The Dart VM service is listening on http://127.0.0.1:53240/tt3m7n9Z7lc=/
The Dart DevTools debugger and profiler is available at: http://127.0.0.1:53240/tt3m7n9Z7lc=/devtools?uri=ws://127.0.0.1:53240/tt3m7n9Z7lc=/ws
[ConvertToStatelessBaseWidget] 2023-11-06T14:21:04.935907 Plugin ConvertToStatelessBaseWidget threw while analyzing C:\Repo\movies_objbox_riverpod\lib\presentation\widgets\moviespage.dart:
[ConvertToStatelessBaseWidget] 2023-11-06T14:21:04.935907 InconsistentAnalysisException: Requested result might be inconsistent with previously returned results
[ConvertToStatelessBaseWidget] 2023-11-06T14:21:04.935907
[ConvertToStatelessBaseWidget] 2023-11-06T14:21:04.935907 #0      AnalysisSessionImpl._checkConsistency (package:analyzer/src/dart/analysis/session.dart:135:7)
[ConvertToStatelessBaseWidget] 2023-11-06T14:21:04.935907 #1      AnalysisSessionImpl.getResolvedUnit (package:analyzer/src/dart/analysis/session.dart:121:5)
[ConvertToStatelessBaseWidget] 2023-11-06T14:21:04.935907 #2      ChangeBuilderImpl._createDartFileEditBuilder (package:analyzer_plugin/src/utilities/change_builder/change_builder_core.dart:287:33)
[ConvertToStatelessBaseWidget] 2023-11-06T14:21:04.935907 #3      ChangeBuilderImpl.addDartFileEdit (package:analyzer_plugin/src/utilities/change_builder/change_builder_core.dart:136:23)
[ConvertToStatelessBaseWidget] 2023-11-06T14:21:04.935907 #4      _ChangeBuilderImpl.addDartFileEdit (package:custom_lint_core/src/change_reporter.dart:116:33)
[ConvertToStatelessBaseWidget] 2023-11-06T14:21:04.935907 #5      ConvertToStatelessBaseWidget._convertStatelessToStatelessWidget (package:riverpod_lint/src/assists/convert_to_stateless_base_widget.dart:79:19)
[ConvertToStatelessBaseWidget] 2023-11-06T14:21:04.935907 #6      ConvertToStatelessBaseWidget.run.<anonymous closure> (package:riverpod_lint/src/assists/convert_to_stateless_base_widget.dart:46:9)
[ConvertToStatelessBaseWidget] 2023-11-06T14:21:04.935907 #7      _rootRunUnary (dart:async/zone.dart:1415:13)
[ConvertToStatelessBaseWidget] 2023-11-06T14:21:04.935907 #8      _CustomZone.runUnary (dart:async/zone.dart:1308:19)
[ConvertToStatelessBaseWidget] 2023-11-06T14:21:04.935907 #9      LinterVisitor._runSubscriptions (package:custom_lint_core/src/node_lint_visitor.g.dart:29:27)
[ConvertToStatelessBaseWidget] 2023-11-06T14:21:04.935907 #10     LinterVisitor.visitExtendsClause (package:custom_lint_core/src/node_lint_visitor.g.dart:387:5)
[ConvertToStatelessBaseWidget] 2023-11-06T14:21:04.935907 #11     ExtendsClauseImpl.accept (package:analyzer/src/dart/ast/ast.dart:6406:50)
[ConvertToStatelessBaseWidget] 2023-11-06T14:21:04.935907 #12     ClassDeclarationImpl.visitChildren (package:analyzer/src/dart/ast/ast.dart:2899:20)
[ConvertToStatelessBaseWidget] 2023-11-06T14:21:04.935907 #13     GeneralizingAstVisitor.visitNode (package:analyzer/dart/ast/visitor.dart:535:10)
[ConvertToStatelessBaseWidget] 2023-11-06T14:21:04.935907 #14     LinterVisitor.visitNode (package:custom_lint_core/src/node_lint_visitor.g.dart:784:11)
[ConvertToStatelessBaseWidget] 2023-11-06T14:21:04.935907 #15     GeneralizingAstVisitor.visitAnnotatedNode (package:analyzer/dart/ast/visitor.dart:137:48)
[ConvertToStatelessBaseWidget] 2023-11-06T14:21:04.935907 #16     LinterVisitor.visitAnnotatedNode (package:custom_lint_core/src/node_lint_visitor.g.dart:46:11)
[ConvertToStatelessBaseWidget] 2023-11-06T14:21:04.935907 #17     GeneralizingAstVisitor.visitDeclaration (package:analyzer/dart/ast/visitor.dart:260:44)
[ConvertToStatelessBaseWidget] 2023-11-06T14:21:04.935907 #18     LinterVisitor.visitDeclaration (package:custom_lint_core/src/node_lint_visitor.g.dart:286:11)
[ConvertToStatelessBaseWidget] 2023-11-06T14:21:04.935907 #19     GeneralizingAstVisitor.visitCompilationUnitMember (package:analyzer/dart/ast/visitor.dart:222:7)
[ConvertToStatelessBaseWidget] 2023-11-06T14:21:04.935907 #20     LinterVisitor.visitCompilationUnitMember (package:custom_lint_core/src/node_lint_visitor.g.dart:214:11)
[ConvertToStatelessBaseWidget] 2023-11-06T14:21:04.935907 #21     GeneralizingAstVisitor.visitNamedCompilationUnitMember (package:analyzer/dart/ast/visitor.dart:516:7)
[ConvertToStatelessBaseWidget] 2023-11-06T14:21:04.935907 #22     LinterVisitor.visitNamedCompilationUnitMember (package:custom_lint_core/src/node_lint_visitor.g.dart:748:11)
[ConvertToStatelessBaseWidget] 2023-11-06T14:21:04.935907 #23     GeneralizingAstVisitor.visitClassDeclaration (package:analyzer/dart/ast/visitor.dart:201:7)
[ConvertToStatelessBaseWidget] 2023-11-06T14:21:04.935907 #24     LinterVisitor.visitClassDeclaration (package:custom_lint_core/src/node_lint_visitor.g.dart:166:11)
[ConvertToStatelessBaseWidget] 2023-11-06T14:21:04.935907 #25     ClassDeclarationImpl.accept (package:analyzer/src/dart/ast/ast.dart:2893:50)
[ConvertToStatelessBaseWidget] 2023-11-06T14:21:04.935907 #26     NodeListImpl.accept (package:analyzer/src/dart/ast/ast.dart:12998:20)
[ConvertToStatelessBaseWidget] 2023-11-06T14:21:04.935907 #27     CompilationUnitImpl.visitChildren (package:analyzer/src/dart/ast/ast.dart:3631:21)
[ConvertToStatelessBaseWidget] 2023-11-06T14:21:04.935907 #28     GeneralizingAstVisitor.visitNode (package:analyzer/dart/ast/visitor.dart:535:10)
[ConvertToStatelessBaseWidget] 2023-11-06T14:21:04.935907 #29     LinterVisitor.visitNode (package:custom_lint_core/src/node_lint_visitor.g.dart:784:11)
[ConvertToStatelessBaseWidget] 2023-11-06T14:21:04.935907 #30     GeneralizingAstVisitor.visitCompilationUnit (package:analyzer/dart/ast/visitor.dart:219:52)
[ConvertToStatelessBaseWidget] 2023-11-06T14:21:04.935907 #31     LinterVisitor.visitCompilationUnit (package:custom_lint_core/src/node_lint_visitor.g.dart:208:11)
[ConvertToStatelessBaseWidget] 2023-11-06T14:21:04.935907 #32     CompilationUnitImpl.accept (package:analyzer/src/dart/ast/ast.dart:3624:50)
[ConvertToStatelessBaseWidget] 2023-11-06T14:21:04.935907 #33     DartAssist.startUp.<anonymous closure> (package:custom_lint_core/src/assist.dart:81:17)
[ConvertToStatelessBaseWidget] 2023-11-06T14:21:04.935907 #34     _rootRun (dart:async/zone.dart:1399:13)
[ConvertToStatelessBaseWidget] 2023-11-06T14:21:04.935907 #35     _CustomZone.run (dart:async/zone.dart:1301:19)
[ConvertToStatelessBaseWidget] 2023-11-06T14:21:04.935907 #36     _CustomZone.bindCallback.<anonymous closure> (dart:async/zone.dart:1233:23)
[ConvertToStatelessBaseWidget] 2023-11-06T14:21:04.935907 #37     runPostRunCallbacks (package:custom_lint_core/src/plugin_base.dart:16:19)
[ConvertToStatelessBaseWidget] 2023-11-06T14:21:04.935907 #38     _ClientAnalyzerPlugin.handleEditGetAssists (package:custom_lint_builder/src/client.dart:463:5)
[ConvertToStatelessBaseWidget] 2023-11-06T14:21:04.935907 <asynchronous suspension>
[ConvertToStatelessBaseWidget] 2023-11-06T14:21:04.935907 #39     ServerPlugin._getResponse (package:analyzer_plugin/plugin/plugin.dart:556:18)
[ConvertToStatelessBaseWidget] 2023-11-06T14:21:04.935907 <asynchronous suspension>
[ConvertToStatelessBaseWidget] 2023-11-06T14:21:04.935907 #40     ServerPlugin._onRequest (package:analyzer_plugin/plugin/plugin.dart:599:18)
[ConvertToStatelessBaseWidget] 2023-11-06T14:21:04.935907 <asynchronous suspension>
[ConvertToStatelessBaseWidget] 2023-11-06T14:21:04.935907
[ConvertToStatefulBaseWidget] 2023-11-06T14:21:04.944885 Plugin ConvertToStatefulBaseWidget threw while analyzing C:\Repo\movies_objbox_riverpod\lib\presentation\widgets\moviespage.dart:
[ConvertToStatefulBaseWidget] 2023-11-06T14:21:04.944885 InconsistentAnalysisException: Requested result might be inconsistent with previously returned results
[ConvertToStatefulBaseWidget] 2023-11-06T14:21:04.944885
[ConvertToStatefulBaseWidget] 2023-11-06T14:21:04.944885 #0      AnalysisSessionImpl._checkConsistency (package:analyzer/src/dart/analysis/session.dart:135:7)
[ConvertToStatefulBaseWidget] 2023-11-06T14:21:04.944885 #1      AnalysisSessionImpl.getResolvedUnit (package:analyzer/src/dart/analysis/session.dart:121:5)
[ConvertToStatefulBaseWidget] 2023-11-06T14:21:04.944885 #2      ChangeBuilderImpl._createDartFileEditBuilder (package:analyzer_plugin/src/utilities/change_builder/change_builder_core.dart:287:33)
[ConvertToStatefulBaseWidget] 2023-11-06T14:21:04.944885 #3      ChangeBuilderImpl.addDartFileEdit (package:analyzer_plugin/src/utilities/change_builder/change_builder_core.dart:136:23)
[ConvertToStatefulBaseWidget] 2023-11-06T14:21:04.944885 #4      _ChangeBuilderImpl.addDartFileEdit (package:custom_lint_core/src/change_reporter.dart:116:33)
[ConvertToStatefulBaseWidget] 2023-11-06T14:21:04.944885 #5      ConvertToStatefulBaseWidget._convertStatelessToStatefulWidget (package:riverpod_lint/src/assists/convert_to_stateful_base_widget.dart:76:19)
[ConvertToStatefulBaseWidget] 2023-11-06T14:21:04.944885 #6      ConvertToStatefulBaseWidget.run.<anonymous closure> (package:riverpod_lint/src/assists/convert_to_stateful_base_widget.dart:46:9)
[ConvertToStatefulBaseWidget] 2023-11-06T14:21:04.944885 #7      _rootRunUnary (dart:async/zone.dart:1415:13)
[ConvertToStatefulBaseWidget] 2023-11-06T14:21:04.944885 #8      _CustomZone.runUnary (dart:async/zone.dart:1308:19)
[ConvertToStatefulBaseWidget] 2023-11-06T14:21:04.944885 #9      LinterVisitor._runSubscriptions (package:custom_lint_core/src/node_lint_visitor.g.dart:29:27)
[ConvertToStatefulBaseWidget] 2023-11-06T14:21:04.944885 #10     LinterVisitor.visitExtendsClause (package:custom_lint_core/src/node_lint_visitor.g.dart:387:5)
[ConvertToStatefulBaseWidget] 2023-11-06T14:21:04.944885 #11     ExtendsClauseImpl.accept (package:analyzer/src/dart/ast/ast.dart:6406:50)
[ConvertToStatefulBaseWidget] 2023-11-06T14:21:04.944885 #12     ClassDeclarationImpl.visitChildren (package:analyzer/src/dart/ast/ast.dart:2899:20)
[ConvertToStatefulBaseWidget] 2023-11-06T14:21:04.944885 #13     GeneralizingAstVisitor.visitNode (package:analyzer/dart/ast/visitor.dart:535:10)
[ConvertToStatefulBaseWidget] 2023-11-06T14:21:04.944885 #14     LinterVisitor.visitNode (package:custom_lint_core/src/node_lint_visitor.g.dart:784:11)
[ConvertToStatefulBaseWidget] 2023-11-06T14:21:04.944885 #15     GeneralizingAstVisitor.visitAnnotatedNode (package:analyzer/dart/ast/visitor.dart:137:48)
[ConvertToStatefulBaseWidget] 2023-11-06T14:21:04.944885 #16     LinterVisitor.visitAnnotatedNode (package:custom_lint_core/src/node_lint_visitor.g.dart:46:11)
[ConvertToStatefulBaseWidget] 2023-11-06T14:21:04.944885 #17     GeneralizingAstVisitor.visitDeclaration (package:analyzer/dart/ast/visitor.dart:260:44)
[ConvertToStatefulBaseWidget] 2023-11-06T14:21:04.944885 #18     LinterVisitor.visitDeclaration (package:custom_lint_core/src/node_lint_visitor.g.dart:286:11)
[ConvertToStatefulBaseWidget] 2023-11-06T14:21:04.944885 #19     GeneralizingAstVisitor.visitCompilationUnitMember (package:analyzer/dart/ast/visitor.dart:222:7)
[ConvertToStatefulBaseWidget] 2023-11-06T14:21:04.944885 #20     LinterVisitor.visitCompilationUnitMember (package:custom_lint_core/src/node_lint_visitor.g.dart:214:11)
[ConvertToStatefulBaseWidget] 2023-11-06T14:21:04.944885 #21     GeneralizingAstVisitor.visitNamedCompilationUnitMember (package:analyzer/dart/ast/visitor.dart:516:7)
[ConvertToStatefulBaseWidget] 2023-11-06T14:21:04.944885 #22     LinterVisitor.visitNamedCompilationUnitMember (package:custom_lint_core/src/node_lint_visitor.g.dart:748:11)
[ConvertToStatefulBaseWidget] 2023-11-06T14:21:04.944885 #23     GeneralizingAstVisitor.visitClassDeclaration (package:analyzer/dart/ast/visitor.dart:201:7)
[ConvertToStatefulBaseWidget] 2023-11-06T14:21:04.944885 #24     LinterVisitor.visitClassDeclaration (package:custom_lint_core/src/node_lint_visitor.g.dart:166:11)
[ConvertToStatefulBaseWidget] 2023-11-06T14:21:04.944885 #25     ClassDeclarationImpl.accept (package:analyzer/src/dart/ast/ast.dart:2893:50)
[ConvertToStatefulBaseWidget] 2023-11-06T14:21:04.944885 #26     NodeListImpl.accept (package:analyzer/src/dart/ast/ast.dart:12998:20)
[ConvertToStatefulBaseWidget] 2023-11-06T14:21:04.944885 #27     CompilationUnitImpl.visitChildren (package:analyzer/src/dart/ast/ast.dart:3631:21)
[ConvertToStatefulBaseWidget] 2023-11-06T14:21:04.944885 #28     GeneralizingAstVisitor.visitNode (package:analyzer/dart/ast/visitor.dart:535:10)
[ConvertToStatefulBaseWidget] 2023-11-06T14:21:04.944885 #29     LinterVisitor.visitNode (package:custom_lint_core/src/node_lint_visitor.g.dart:784:11)
[ConvertToStatefulBaseWidget] 2023-11-06T14:21:04.944885 #30     GeneralizingAstVisitor.visitCompilationUnit (package:analyzer/dart/ast/visitor.dart:219:52)
[ConvertToStatefulBaseWidget] 2023-11-06T14:21:04.944885 #31     LinterVisitor.visitCompilationUnit (package:custom_lint_core/src/node_lint_visitor.g.dart:208:11)
[ConvertToStatefulBaseWidget] 2023-11-06T14:21:04.944885 #32     CompilationUnitImpl.accept (package:analyzer/src/dart/ast/ast.dart:3624:50)
[ConvertToStatefulBaseWidget] 2023-11-06T14:21:04.944885 #33     DartAssist.startUp.<anonymous closure> (package:custom_lint_core/src/assist.dart:81:17)
[ConvertToStatefulBaseWidget] 2023-11-06T14:21:04.944885 #34     _rootRun (dart:async/zone.dart:1399:13)
[ConvertToStatefulBaseWidget] 2023-11-06T14:21:04.944885 #35     _CustomZone.run (dart:async/zone.dart:1301:19)
[ConvertToStatefulBaseWidget] 2023-11-06T14:21:04.944885 #36     _CustomZone.bindCallback.<anonymous closure> (dart:async/zone.dart:1233:23)
[ConvertToStatefulBaseWidget] 2023-11-06T14:21:04.944885 #37     runPostRunCallbacks (package:custom_lint_core/src/plugin_base.dart:16:19)
[ConvertToStatefulBaseWidget] 2023-11-06T14:21:04.944885 #38     _ClientAnalyzerPlugin.handleEditGetAssists (package:custom_lint_builder/src/client.dart:463:5)
[ConvertToStatefulBaseWidget] 2023-11-06T14:21:04.944885 <asynchronous suspension>
[ConvertToStatefulBaseWidget] 2023-11-06T14:21:04.944885 #39     ServerPlugin._getResponse (package:analyzer_plugin/plugin/plugin.dart:556:18)
[ConvertToStatefulBaseWidget] 2023-11-06T14:21:04.944885 <asynchronous suspension>
[ConvertToStatefulBaseWidget] 2023-11-06T14:21:04.944885 #40     ServerPlugin._onRequest (package:analyzer_plugin/plugin/plugin.dart:599:18)
[ConvertToStatefulBaseWidget] 2023-11-06T14:21:04.944885 <asynchronous suspension>
[ConvertToStatefulBaseWidget] 2023-11-06T14:21:04.944885
[ConvertToStatelessBaseWidget] 2023-11-06T14:21:04.947876 Plugin ConvertToStatelessBaseWidget threw while analyzing C:\Repo\movies_objbox_riverpod\lib\presentation\widgets\moviespage.dart:
[ConvertToStatelessBaseWidget] 2023-11-06T14:21:04.947876 InconsistentAnalysisException: Requested result might be inconsistent with previously returned results
[ConvertToStatelessBaseWidget] 2023-11-06T14:21:04.947876
[ConvertToStatelessBaseWidget] 2023-11-06T14:21:04.947876 #0      AnalysisSessionImpl._checkConsistency (package:analyzer/src/dart/analysis/session.dart:135:7)
[ConvertToStatelessBaseWidget] 2023-11-06T14:21:04.947876 #1      AnalysisSessionImpl.getResolvedUnit (package:analyzer/src/dart/analysis/session.dart:121:5)
[ConvertToStatelessBaseWidget] 2023-11-06T14:21:04.947876 #2      ChangeBuilderImpl._createDartFileEditBuilder (package:analyzer_plugin/src/utilities/change_builder/change_builder_core.dart:287:33)
[ConvertToStatelessBaseWidget] 2023-11-06T14:21:04.947876 #3      ChangeBuilderImpl.addDartFileEdit (package:analyzer_plugin/src/utilities/change_builder/change_builder_core.dart:136:23)
[ConvertToStatelessBaseWidget] 2023-11-06T14:21:04.947876 #4      _ChangeBuilderImpl.addDartFileEdit (package:custom_lint_core/src/change_reporter.dart:116:33)
[ConvertToStatelessBaseWidget] 2023-11-06T14:21:04.947876 #5      ConvertToStatelessBaseWidget._convertStatelessToStatelessWidget (package:riverpod_lint/src/assists/convert_to_stateless_base_widget.dart:79:19)
[ConvertToStatelessBaseWidget] 2023-11-06T14:21:04.947876 #6      ConvertToStatelessBaseWidget.run.<anonymous closure> (package:riverpod_lint/src/assists/convert_to_stateless_base_widget.dart:46:9)
[ConvertToStatelessBaseWidget] 2023-11-06T14:21:04.947876 #7      _rootRunUnary (dart:async/zone.dart:1415:13)
[ConvertToStatelessBaseWidget] 2023-11-06T14:21:04.947876 #8      _CustomZone.runUnary (dart:async/zone.dart:1308:19)
[ConvertToStatelessBaseWidget] 2023-11-06T14:21:04.947876 #9      LinterVisitor._runSubscriptions (package:custom_lint_core/src/node_lint_visitor.g.dart:29:27)
[ConvertToStatelessBaseWidget] 2023-11-06T14:21:04.947876 #10     LinterVisitor.visitExtendsClause (package:custom_lint_core/src/node_lint_visitor.g.dart:387:5)
[ConvertToStatelessBaseWidget] 2023-11-06T14:21:04.947876 #11     ExtendsClauseImpl.accept (package:analyzer/src/dart/ast/ast.dart:6406:50)
[ConvertToStatelessBaseWidget] 2023-11-06T14:21:04.947876 #12     ClassDeclarationImpl.visitChildren (package:analyzer/src/dart/ast/ast.dart:2899:20)
[ConvertToStatelessBaseWidget] 2023-11-06T14:21:04.947876 #13     GeneralizingAstVisitor.visitNode (package:analyzer/dart/ast/visitor.dart:535:10)
[ConvertToStatelessBaseWidget] 2023-11-06T14:21:04.947876 #14     LinterVisitor.visitNode (package:custom_lint_core/src/node_lint_visitor.g.dart:784:11)
[ConvertToStatelessBaseWidget] 2023-11-06T14:21:04.947876 #15     GeneralizingAstVisitor.visitAnnotatedNode (package:analyzer/dart/ast/visitor.dart:137:48)
[ConvertToStatelessBaseWidget] 2023-11-06T14:21:04.947876 #16     LinterVisitor.visitAnnotatedNode (package:custom_lint_core/src/node_lint_visitor.g.dart:46:11)
[ConvertToStatelessBaseWidget] 2023-11-06T14:21:04.947876 #17     GeneralizingAstVisitor.visitDeclaration (package:analyzer/dart/ast/visitor.dart:260:44)
[ConvertToStatelessBaseWidget] 2023-11-06T14:21:04.947876 #18     LinterVisitor.visitDeclaration (package:custom_lint_core/src/node_lint_visitor.g.dart:286:11)
[ConvertToStatelessBaseWidget] 2023-11-06T14:21:04.947876 #19     GeneralizingAstVisitor.visitCompilationUnitMember (package:analyzer/dart/ast/visitor.dart:222:7)
[ConvertToStatelessBaseWidget] 2023-11-06T14:21:04.947876 #20     LinterVisitor.visitCompilationUnitMember (package:custom_lint_core/src/node_lint_visitor.g.dart:214:11)
[ConvertToStatelessBaseWidget] 2023-11-06T14:21:04.947876 #21     GeneralizingAstVisitor.visitNamedCompilationUnitMember (package:analyzer/dart/ast/visitor.dart:516:7)
[ConvertToStatelessBaseWidget] 2023-11-06T14:21:04.947876 #22     LinterVisitor.visitNamedCompilationUnitMember (package:custom_lint_core/src/node_lint_visitor.g.dart:748:11)
[ConvertToStatelessBaseWidget] 2023-11-06T14:21:04.947876 #23     GeneralizingAstVisitor.visitClassDeclaration (package:analyzer/dart/ast/visitor.dart:201:7)
[ConvertToStatelessBaseWidget] 2023-11-06T14:21:04.947876 #24     LinterVisitor.visitClassDeclaration (package:custom_lint_core/src/node_lint_visitor.g.dart:166:11)
[ConvertToStatelessBaseWidget] 2023-11-06T14:21:04.947876 #25     ClassDeclarationImpl.accept (package:analyzer/src/dart/ast/ast.dart:2893:50)
[ConvertToStatelessBaseWidget] 2023-11-06T14:21:04.947876 #26     NodeListImpl.accept (package:analyzer/src/dart/ast/ast.dart:12998:20)
[ConvertToStatelessBaseWidget] 2023-11-06T14:21:04.947876 #27     CompilationUnitImpl.visitChildren (package:analyzer/src/dart/ast/ast.dart:3631:21)
[ConvertToStatelessBaseWidget] 2023-11-06T14:21:04.947876 #28     GeneralizingAstVisitor.visitNode (package:analyzer/dart/ast/visitor.dart:535:10)
[ConvertToStatelessBaseWidget] 2023-11-06T14:21:04.947876 #29     LinterVisitor.visitNode (package:custom_lint_core/src/node_lint_visitor.g.dart:784:11)
[ConvertToStatelessBaseWidget] 2023-11-06T14:21:04.947876 #30     GeneralizingAstVisitor.visitCompilationUnit (package:analyzer/dart/ast/visitor.dart:219:52)
[ConvertToStatelessBaseWidget] 2023-11-06T14:21:04.947876 #31     LinterVisitor.visitCompilationUnit (package:custom_lint_core/src/node_lint_visitor.g.dart:208:11)
[ConvertToStatelessBaseWidget] 2023-11-06T14:21:04.947876 #32     CompilationUnitImpl.accept (package:analyzer/src/dart/ast/ast.dart:3624:50)
[ConvertToStatelessBaseWidget] 2023-11-06T14:21:04.947876 #33     DartAssist.startUp.<anonymous closure> (package:custom_lint_core/src/assist.dart:81:17)
[ConvertToStatelessBaseWidget] 2023-11-06T14:21:04.947876 #34     _rootRun (dart:async/zone.dart:1399:13)
[ConvertToStatelessBaseWidget] 2023-11-06T14:21:04.947876 #35     _CustomZone.run (dart:async/zone.dart:1301:19)
[ConvertToStatelessBaseWidget] 2023-11-06T14:21:04.947876 #36     _CustomZone.bindCallback.<anonymous closure> (dart:async/zone.dart:1233:23)
[ConvertToStatelessBaseWidget] 2023-11-06T14:21:04.947876 #37     runPostRunCallbacks (package:custom_lint_core/src/plugin_base.dart:16:19)
[ConvertToStatelessBaseWidget] 2023-11-06T14:21:04.947876 #38     _ClientAnalyzerPlugin.handleEditGetAssists (package:custom_lint_builder/src/client.dart:463:5)
[ConvertToStatelessBaseWidget] 2023-11-06T14:21:04.947876 <asynchronous suspension>
[ConvertToStatelessBaseWidget] 2023-11-06T14:21:04.947876 #39     ServerPlugin._getResponse (package:analyzer_plugin/plugin/plugin.dart:556:18)
[ConvertToStatelessBaseWidget] 2023-11-06T14:21:04.947876 <asynchronous suspension>
[ConvertToStatelessBaseWidget] 2023-11-06T14:21:04.947876 #40     ServerPlugin._onRequest (package:analyzer_plugin/plugin/plugin.dart:599:18)
[ConvertToStatelessBaseWidget] 2023-11-06T14:21:04.947876 <asynchronous suspension>
[ConvertToStatelessBaseWidget] 2023-11-06T14:21:04.947876
[ConvertToStatefulBaseWidget] 2023-11-06T14:21:04.965828 Plugin ConvertToStatefulBaseWidget threw while analyzing C:\Repo\movies_objbox_riverpod\lib\presentation\widgets\moviespage.dart:
[ConvertToStatefulBaseWidget] 2023-11-06T14:21:04.965828 InconsistentAnalysisException: Requested result might be inconsistent with previously returned results
[ConvertToStatefulBaseWidget] 2023-11-06T14:21:04.965828
[ConvertToStatefulBaseWidget] 2023-11-06T14:21:04.965828 #0      AnalysisSessionImpl._checkConsistency (package:analyzer/src/dart/analysis/session.dart:135:7)
[ConvertToStatefulBaseWidget] 2023-11-06T14:21:04.965828 #1      AnalysisSessionImpl.getResolvedUnit (package:analyzer/src/dart/analysis/session.dart:121:5)
[ConvertToStatefulBaseWidget] 2023-11-06T14:21:04.965828 #2      ChangeBuilderImpl._createDartFileEditBuilder (package:analyzer_plugin/src/utilities/change_builder/change_builder_core.dart:287:33)
[ConvertToStatefulBaseWidget] 2023-11-06T14:21:04.965828 #3      ChangeBuilderImpl.addDartFileEdit (package:analyzer_plugin/src/utilities/change_builder/change_builder_core.dart:136:23)
[ConvertToStatefulBaseWidget] 2023-11-06T14:21:04.965828 #4      _ChangeBuilderImpl.addDartFileEdit (package:custom_lint_core/src/change_reporter.dart:116:33)
[ConvertToStatefulBaseWidget] 2023-11-06T14:21:04.965828 #5      ConvertToStatefulBaseWidget._convertStatelessToStatefulWidget (package:riverpod_lint/src/assists/convert_to_stateful_base_widget.dart:76:19)
[ConvertToStatefulBaseWidget] 2023-11-06T14:21:04.965828 #6      ConvertToStatefulBaseWidget.run.<anonymous closure> (package:riverpod_lint/src/assists/convert_to_stateful_base_widget.dart:46:9)
[ConvertToStatefulBaseWidget] 2023-11-06T14:21:04.965828 #7      _rootRunUnary (dart:async/zone.dart:1415:13)
[ConvertToStatefulBaseWidget] 2023-11-06T14:21:04.965828 #8      _CustomZone.runUnary (dart:async/zone.dart:1308:19)
[ConvertToStatefulBaseWidget] 2023-11-06T14:21:04.965828 #9      LinterVisitor._runSubscriptions (package:custom_lint_core/src/node_lint_visitor.g.dart:29:27)
[ConvertToStatefulBaseWidget] 2023-11-06T14:21:04.965828 #10     LinterVisitor.visitExtendsClause (package:custom_lint_core/src/node_lint_visitor.g.dart:387:5)
[ConvertToStatefulBaseWidget] 2023-11-06T14:21:04.965828 #11     ExtendsClauseImpl.accept (package:analyzer/src/dart/ast/ast.dart:6406:50)
[ConvertToStatefulBaseWidget] 2023-11-06T14:21:04.965828 #12     ClassDeclarationImpl.visitChildren (package:analyzer/src/dart/ast/ast.dart:2899:20)
[ConvertToStatefulBaseWidget] 2023-11-06T14:21:04.965828 #13     GeneralizingAstVisitor.visitNode (package:analyzer/dart/ast/visitor.dart:535:10)
[ConvertToStatefulBaseWidget] 2023-11-06T14:21:04.965828 #14     LinterVisitor.visitNode (package:custom_lint_core/src/node_lint_visitor.g.dart:784:11)
[ConvertToStatefulBaseWidget] 2023-11-06T14:21:04.965828 #15     GeneralizingAstVisitor.visitAnnotatedNode (package:analyzer/dart/ast/visitor.dart:137:48)
[ConvertToStatefulBaseWidget] 2023-11-06T14:21:04.965828 #16     LinterVisitor.visitAnnotatedNode (package:custom_lint_core/src/node_lint_visitor.g.dart:46:11)
[ConvertToStatefulBaseWidget] 2023-11-06T14:21:04.965828 #17     GeneralizingAstVisitor.visitDeclaration (package:analyzer/dart/ast/visitor.dart:260:44)
[ConvertToStatefulBaseWidget] 2023-11-06T14:21:04.965828 #18     LinterVisitor.visitDeclaration (package:custom_lint_core/src/node_lint_visitor.g.dart:286:11)
[ConvertToStatefulBaseWidget] 2023-11-06T14:21:04.965828 #19     GeneralizingAstVisitor.visitCompilationUnitMember (package:analyzer/dart/ast/visitor.dart:222:7)
[ConvertToStatefulBaseWidget] 2023-11-06T14:21:04.965828 #20     LinterVisitor.visitCompilationUnitMember (package:custom_lint_core/src/node_lint_visitor.g.dart:214:11)
[ConvertToStatefulBaseWidget] 2023-11-06T14:21:04.965828 #21     GeneralizingAstVisitor.visitNamedCompilationUnitMember (package:analyzer/dart/ast/visitor.dart:516:7)
[ConvertToStatefulBaseWidget] 2023-11-06T14:21:04.965828 #22     LinterVisitor.visitNamedCompilationUnitMember (package:custom_lint_core/src/node_lint_visitor.g.dart:748:11)
[ConvertToStatefulBaseWidget] 2023-11-06T14:21:04.965828 #23     GeneralizingAstVisitor.visitClassDeclaration (package:analyzer/dart/ast/visitor.dart:201:7)
[ConvertToStatefulBaseWidget] 2023-11-06T14:21:04.965828 #24     LinterVisitor.visitClassDeclaration (package:custom_lint_core/src/node_lint_visitor.g.dart:166:11)
[ConvertToStatefulBaseWidget] 2023-11-06T14:21:04.965828 #25     ClassDeclarationImpl.accept (package:analyzer/src/dart/ast/ast.dart:2893:50)
[ConvertToStatefulBaseWidget] 2023-11-06T14:21:04.965828 #26     NodeListImpl.accept (package:analyzer/src/dart/ast/ast.dart:12998:20)
[ConvertToStatefulBaseWidget] 2023-11-06T14:21:04.965828 #27     CompilationUnitImpl.visitChildren (package:analyzer/src/dart/ast/ast.dart:3631:21)
[ConvertToStatefulBaseWidget] 2023-11-06T14:21:04.965828 #28     GeneralizingAstVisitor.visitNode (package:analyzer/dart/ast/visitor.dart:535:10)
[ConvertToStatefulBaseWidget] 2023-11-06T14:21:04.965828 #29     LinterVisitor.visitNode (package:custom_lint_core/src/node_lint_visitor.g.dart:784:11)
[ConvertToStatefulBaseWidget] 2023-11-06T14:21:04.965828 #30     GeneralizingAstVisitor.visitCompilationUnit (package:analyzer/dart/ast/visitor.dart:219:52)
[ConvertToStatefulBaseWidget] 2023-11-06T14:21:04.965828 #31     LinterVisitor.visitCompilationUnit (package:custom_lint_core/src/node_lint_visitor.g.dart:208:11)
[ConvertToStatefulBaseWidget] 2023-11-06T14:21:04.965828 #32     CompilationUnitImpl.accept (package:analyzer/src/dart/ast/ast.dart:3624:50)
[ConvertToStatefulBaseWidget] 2023-11-06T14:21:04.965828 #33     DartAssist.startUp.<anonymous closure> (package:custom_lint_core/src/assist.dart:81:17)
[ConvertToStatefulBaseWidget] 2023-11-06T14:21:04.965828 #34     _rootRun (dart:async/zone.dart:1399:13)
[ConvertToStatefulBaseWidget] 2023-11-06T14:21:04.965828 #35     _CustomZone.run (dart:async/zone.dart:1301:19)
[ConvertToStatefulBaseWidget] 2023-11-06T14:21:04.965828 #36     _CustomZone.bindCallback.<anonymous closure> (dart:async/zone.dart:1233:23)
[ConvertToStatefulBaseWidget] 2023-11-06T14:21:04.965828 #37     runPostRunCallbacks (package:custom_lint_core/src/plugin_base.dart:16:19)
[ConvertToStatefulBaseWidget] 2023-11-06T14:21:04.965828 #38     _ClientAnalyzerPlugin.handleEditGetAssists (package:custom_lint_builder/src/client.dart:463:5)
[ConvertToStatefulBaseWidget] 2023-11-06T14:21:04.965828 <asynchronous suspension>
[ConvertToStatefulBaseWidget] 2023-11-06T14:21:04.965828 #39     ServerPlugin._getResponse (package:analyzer_plugin/plugin/plugin.dart:556:18)
[ConvertToStatefulBaseWidget] 2023-11-06T14:21:04.965828 <asynchronous suspension>
[ConvertToStatefulBaseWidget] 2023-11-06T14:21:04.965828 #40     ServerPlugin._onRequest (package:analyzer_plugin/plugin/plugin.dart:599:18)
[ConvertToStatefulBaseWidget] 2023-11-06T14:21:04.965828 <asynchronous suspension>
[ConvertToStatefulBaseWidget] 2023-11-06T14:21:04.965828
[ConvertToStatelessBaseWidget] 2023-11-06T14:21:04.965828 Plugin ConvertToStatelessBaseWidget threw while analyzing C:\Repo\movies_objbox_riverpod\lib\presentation\widgets\moviespage.dart:
[ConvertToStatelessBaseWidget] 2023-11-06T14:21:04.965828 InconsistentAnalysisException: Requested result might be inconsistent with previously returned results
[ConvertToStatelessBaseWidget] 2023-11-06T14:21:04.965828
[ConvertToStatelessBaseWidget] 2023-11-06T14:21:04.965828 #0      AnalysisSessionImpl._checkConsistency (package:analyzer/src/dart/analysis/session.dart:135:7)
[ConvertToStatelessBaseWidget] 2023-11-06T14:21:04.965828 #1      AnalysisSessionImpl.getResolvedUnit (package:analyzer/src/dart/analysis/session.dart:121:5)
[ConvertToStatelessBaseWidget] 2023-11-06T14:21:04.965828 #2      ChangeBuilderImpl._createDartFileEditBuilder (package:analyzer_plugin/src/utilities/change_builder/change_builder_core.dart:287:33)
[ConvertToStatelessBaseWidget] 2023-11-06T14:21:04.965828 #3      ChangeBuilderImpl.addDartFileEdit (package:analyzer_plugin/src/utilities/change_builder/change_builder_core.dart:136:23)
[ConvertToStatelessBaseWidget] 2023-11-06T14:21:04.965828 #4      _ChangeBuilderImpl.addDartFileEdit (package:custom_lint_core/src/change_reporter.dart:116:33)
[ConvertToStatelessBaseWidget] 2023-11-06T14:21:04.965828 #5      ConvertToStatelessBaseWidget._convertStatelessToStatelessWidget (package:riverpod_lint/src/assists/convert_to_stateless_base_widget.dart:79:19)
[ConvertToStatelessBaseWidget] 2023-11-06T14:21:04.965828 #6      ConvertToStatelessBaseWidget.run.<anonymous closure> (package:riverpod_lint/src/assists/convert_to_stateless_base_widget.dart:46:9)
[ConvertToStatelessBaseWidget] 2023-11-06T14:21:04.965828 #7      _rootRunUnary (dart:async/zone.dart:1415:13)
[ConvertToStatelessBaseWidget] 2023-11-06T14:21:04.965828 #8      _CustomZone.runUnary (dart:async/zone.dart:1308:19)
[ConvertToStatelessBaseWidget] 2023-11-06T14:21:04.965828 #9      LinterVisitor._runSubscriptions (package:custom_lint_core/src/node_lint_visitor.g.dart:29:27)
[ConvertToStatelessBaseWidget] 2023-11-06T14:21:04.965828 #10     LinterVisitor.visitExtendsClause (package:custom_lint_core/src/node_lint_visitor.g.dart:387:5)
[ConvertToStatelessBaseWidget] 2023-11-06T14:21:04.965828 #11     ExtendsClauseImpl.accept (package:analyzer/src/dart/ast/ast.dart:6406:50)
[ConvertToStatelessBaseWidget] 2023-11-06T14:21:04.965828 #12     ClassDeclarationImpl.visitChildren (package:analyzer/src/dart/ast/ast.dart:2899:20)
[ConvertToStatelessBaseWidget] 2023-11-06T14:21:04.965828 #13     GeneralizingAstVisitor.visitNode (package:analyzer/dart/ast/visitor.dart:535:10)
[ConvertToStatelessBaseWidget] 2023-11-06T14:21:04.965828 #14     LinterVisitor.visitNode (package:custom_lint_core/src/node_lint_visitor.g.dart:784:11)
[ConvertToStatelessBaseWidget] 2023-11-06T14:21:04.965828 #15     GeneralizingAstVisitor.visitAnnotatedNode (package:analyzer/dart/ast/visitor.dart:137:48)
[ConvertToStatelessBaseWidget] 2023-11-06T14:21:04.965828 #16     LinterVisitor.visitAnnotatedNode (package:custom_lint_core/src/node_lint_visitor.g.dart:46:11)
[ConvertToStatelessBaseWidget] 2023-11-06T14:21:04.965828 #17     GeneralizingAstVisitor.visitDeclaration (package:analyzer/dart/ast/visitor.dart:260:44)
[ConvertToStatelessBaseWidget] 2023-11-06T14:21:04.965828 #18     LinterVisitor.visitDeclaration (package:custom_lint_core/src/node_lint_visitor.g.dart:286:11)
[ConvertToStatelessBaseWidget] 2023-11-06T14:21:04.965828 #19     GeneralizingAstVisitor.visitCompilationUnitMember (package:analyzer/dart/ast/visitor.dart:222:7)
[ConvertToStatelessBaseWidget] 2023-11-06T14:21:04.965828 #20     LinterVisitor.visitCompilationUnitMember (package:custom_lint_core/src/node_lint_visitor.g.dart:214:11)
[ConvertToStatelessBaseWidget] 2023-11-06T14:21:04.965828 #21     GeneralizingAstVisitor.visitNamedCompilationUnitMember (package:analyzer/dart/ast/visitor.dart:516:7)
[ConvertToStatelessBaseWidget] 2023-11-06T14:21:04.965828 #22     LinterVisitor.visitNamedCompilationUnitMember (package:custom_lint_core/src/node_lint_visitor.g.dart:748:11)
[ConvertToStatelessBaseWidget] 2023-11-06T14:21:04.965828 #23     GeneralizingAstVisitor.visitClassDeclaration (package:analyzer/dart/ast/visitor.dart:201:7)
[ConvertToStatelessBaseWidget] 2023-11-06T14:21:04.965828 #24     LinterVisitor.visitClassDeclaration (package:custom_lint_core/src/node_lint_visitor.g.dart:166:11)
[ConvertToStatelessBaseWidget] 2023-11-06T14:21:04.965828 #25     ClassDeclarationImpl.accept (package:analyzer/src/dart/ast/ast.dart:2893:50)
[ConvertToStatelessBaseWidget] 2023-11-06T14:21:04.965828 #26     NodeListImpl.accept (package:analyzer/src/dart/ast/ast.dart:12998:20)
[ConvertToStatelessBaseWidget] 2023-11-06T14:21:04.965828 #27     CompilationUnitImpl.visitChildren (package:analyzer/src/dart/ast/ast.dart:3631:21)
[ConvertToStatelessBaseWidget] 2023-11-06T14:21:04.965828 #28     GeneralizingAstVisitor.visitNode (package:analyzer/dart/ast/visitor.dart:535:10)
[ConvertToStatelessBaseWidget] 2023-11-06T14:21:04.965828 #29     LinterVisitor.visitNode (package:custom_lint_core/src/node_lint_visitor.g.dart:784:11)
[ConvertToStatelessBaseWidget] 2023-11-06T14:21:04.965828 #30     GeneralizingAstVisitor.visitCompilationUnit (package:analyzer/dart/ast/visitor.dart:219:52)
[ConvertToStatelessBaseWidget] 2023-11-06T14:21:04.965828 #31     LinterVisitor.visitCompilationUnit (package:custom_lint_core/src/node_lint_visitor.g.dart:208:11)
[ConvertToStatelessBaseWidget] 2023-11-06T14:21:04.965828 #32     CompilationUnitImpl.accept (package:analyzer/src/dart/ast/ast.dart:3624:50)
[ConvertToStatelessBaseWidget] 2023-11-06T14:21:04.965828 #33     DartAssist.startUp.<anonymous closure> (package:custom_lint_core/src/assist.dart:81:17)
[ConvertToStatelessBaseWidget] 2023-11-06T14:21:04.965828 #34     _rootRun (dart:async/zone.dart:1399:13)
[ConvertToStatelessBaseWidget] 2023-11-06T14:21:04.965828 #35     _CustomZone.run (dart:async/zone.dart:1301:19)
[ConvertToStatelessBaseWidget] 2023-11-06T14:21:04.965828 #36     _CustomZone.bindCallback.<anonymous closure> (dart:async/zone.dart:1233:23)
[ConvertToStatelessBaseWidget] 2023-11-06T14:21:04.965828 #37     runPostRunCallbacks (package:custom_lint_core/src/plugin_base.dart:16:19)
[ConvertToStatelessBaseWidget] 2023-11-06T14:21:04.965828 #38     _ClientAnalyzerPlugin.handleEditGetAssists (package:custom_lint_builder/src/client.dart:463:5)
[ConvertToStatelessBaseWidget] 2023-11-06T14:21:04.965828 <asynchronous suspension>
[ConvertToStatelessBaseWidget] 2023-11-06T14:21:04.965828 #39     ServerPlugin._getResponse (package:analyzer_plugin/plugin/plugin.dart:556:18)
[ConvertToStatelessBaseWidget] 2023-11-06T14:21:04.965828 <asynchronous suspension>
[ConvertToStatelessBaseWidget] 2023-11-06T14:21:04.965828 #40     ServerPlugin._onRequest (package:analyzer_plugin/plugin/plugin.dart:599:18)
[ConvertToStatelessBaseWidget] 2023-11-06T14:21:04.965828 <asynchronous suspension>
[ConvertToStatelessBaseWidget] 2023-11-06T14:21:04.965828
[ConvertToStatefulBaseWidget] 2023-11-06T14:21:04.972808 Plugin ConvertToStatefulBaseWidget threw while analyzing C:\Repo\movies_objbox_riverpod\lib\presentation\widgets\moviespage.dart:
[ConvertToStatefulBaseWidget] 2023-11-06T14:21:04.972808 InconsistentAnalysisException: Requested result might be inconsistent with previously returned results
[ConvertToStatefulBaseWidget] 2023-11-06T14:21:04.972808
[ConvertToStatefulBaseWidget] 2023-11-06T14:21:04.972808 #0      AnalysisSessionImpl._checkConsistency (package:analyzer/src/dart/analysis/session.dart:135:7)
[ConvertToStatefulBaseWidget] 2023-11-06T14:21:04.972808 #1      AnalysisSessionImpl.getResolvedUnit (package:analyzer/src/dart/analysis/session.dart:121:5)
[ConvertToStatefulBaseWidget] 2023-11-06T14:21:04.972808 #2      ChangeBuilderImpl._createDartFileEditBuilder (package:analyzer_plugin/src/utilities/change_builder/change_builder_core.dart:287:33)
[ConvertToStatefulBaseWidget] 2023-11-06T14:21:04.972808 #3      ChangeBuilderImpl.addDartFileEdit (package:analyzer_plugin/src/utilities/change_builder/change_builder_core.dart:136:23)
[ConvertToStatefulBaseWidget] 2023-11-06T14:21:04.972808 #4      _ChangeBuilderImpl.addDartFileEdit (package:custom_lint_core/src/change_reporter.dart:116:33)
[ConvertToStatefulBaseWidget] 2023-11-06T14:21:04.972808 #5      ConvertToStatefulBaseWidget._convertStatelessToStatefulWidget (package:riverpod_lint/src/assists/convert_to_stateful_base_widget.dart:76:19)
[ConvertToStatefulBaseWidget] 2023-11-06T14:21:04.972808 #6      ConvertToStatefulBaseWidget.run.<anonymous closure> (package:riverpod_lint/src/assists/convert_to_stateful_base_widget.dart:46:9)
[ConvertToStatefulBaseWidget] 2023-11-06T14:21:04.972808 #7      _rootRunUnary (dart:async/zone.dart:1415:13)
[ConvertToStatefulBaseWidget] 2023-11-06T14:21:04.972808 #8      _CustomZone.runUnary (dart:async/zone.dart:1308:19)
[ConvertToStatefulBaseWidget] 2023-11-06T14:21:04.972808 #9      LinterVisitor._runSubscriptions (package:custom_lint_core/src/node_lint_visitor.g.dart:29:27)
[ConvertToStatefulBaseWidget] 2023-11-06T14:21:04.972808 #10     LinterVisitor.visitExtendsClause (package:custom_lint_core/src/node_lint_visitor.g.dart:387:5)
[ConvertToStatefulBaseWidget] 2023-11-06T14:21:04.972808 #11     ExtendsClauseImpl.accept (package:analyzer/src/dart/ast/ast.dart:6406:50)
[ConvertToStatefulBaseWidget] 2023-11-06T14:21:04.972808 #12     ClassDeclarationImpl.visitChildren (package:analyzer/src/dart/ast/ast.dart:2899:20)
[ConvertToStatefulBaseWidget] 2023-11-06T14:21:04.972808 #13     GeneralizingAstVisitor.visitNode (package:analyzer/dart/ast/visitor.dart:535:10)
[ConvertToStatefulBaseWidget] 2023-11-06T14:21:04.972808 #14     LinterVisitor.visitNode (package:custom_lint_core/src/node_lint_visitor.g.dart:784:11)
[ConvertToStatefulBaseWidget] 2023-11-06T14:21:04.972808 #15     GeneralizingAstVisitor.visitAnnotatedNode (package:analyzer/dart/ast/visitor.dart:137:48)
[ConvertToStatefulBaseWidget] 2023-11-06T14:21:04.972808 #16     LinterVisitor.visitAnnotatedNode (package:custom_lint_core/src/node_lint_visitor.g.dart:46:11)
[ConvertToStatefulBaseWidget] 2023-11-06T14:21:04.972808 #17     GeneralizingAstVisitor.visitDeclaration (package:analyzer/dart/ast/visitor.dart:260:44)
[ConvertToStatefulBaseWidget] 2023-11-06T14:21:04.972808 #18     LinterVisitor.visitDeclaration (package:custom_lint_core/src/node_lint_visitor.g.dart:286:11)
[ConvertToStatefulBaseWidget] 2023-11-06T14:21:04.972808 #19     GeneralizingAstVisitor.visitCompilationUnitMember (package:analyzer/dart/ast/visitor.dart:222:7)
[ConvertToStatefulBaseWidget] 2023-11-06T14:21:04.972808 #20     LinterVisitor.visitCompilationUnitMember (package:custom_lint_core/src/node_lint_visitor.g.dart:214:11)
[ConvertToStatefulBaseWidget] 2023-11-06T14:21:04.972808 #21     GeneralizingAstVisitor.visitNamedCompilationUnitMember (package:analyzer/dart/ast/visitor.dart:516:7)
[ConvertToStatefulBaseWidget] 2023-11-06T14:21:04.972808 #22     LinterVisitor.visitNamedCompilationUnitMember (package:custom_lint_core/src/node_lint_visitor.g.dart:748:11)
[ConvertToStatefulBaseWidget] 2023-11-06T14:21:04.972808 #23     GeneralizingAstVisitor.visitClassDeclaration (package:analyzer/dart/ast/visitor.dart:201:7)
[ConvertToStatefulBaseWidget] 2023-11-06T14:21:04.972808 #24     LinterVisitor.visitClassDeclaration (package:custom_lint_core/src/node_lint_visitor.g.dart:166:11)
[ConvertToStatefulBaseWidget] 2023-11-06T14:21:04.972808 #25     ClassDeclarationImpl.accept (package:analyzer/src/dart/ast/ast.dart:2893:50)
[ConvertToStatefulBaseWidget] 2023-11-06T14:21:04.972808 #26     NodeListImpl.accept (package:analyzer/src/dart/ast/ast.dart:12998:20)
[ConvertToStatefulBaseWidget] 2023-11-06T14:21:04.972808 #27     CompilationUnitImpl.visitChildren (package:analyzer/src/dart/ast/ast.dart:3631:21)
[ConvertToStatefulBaseWidget] 2023-11-06T14:21:04.972808 #28     GeneralizingAstVisitor.visitNode (package:analyzer/dart/ast/visitor.dart:535:10)
[ConvertToStatefulBaseWidget] 2023-11-06T14:21:04.972808 #29     LinterVisitor.visitNode (package:custom_lint_core/src/node_lint_visitor.g.dart:784:11)
[ConvertToStatefulBaseWidget] 2023-11-06T14:21:04.972808 #30     GeneralizingAstVisitor.visitCompilationUnit (package:analyzer/dart/ast/visitor.dart:219:52)
[ConvertToStatefulBaseWidget] 2023-11-06T14:21:04.972808 #31     LinterVisitor.visitCompilationUnit (package:custom_lint_core/src/node_lint_visitor.g.dart:208:11)
[ConvertToStatefulBaseWidget] 2023-11-06T14:21:04.972808 #32     CompilationUnitImpl.accept (package:analyzer/src/dart/ast/ast.dart:3624:50)
[ConvertToStatefulBaseWidget] 2023-11-06T14:21:04.972808 #33     DartAssist.startUp.<anonymous closure> (package:custom_lint_core/src/assist.dart:81:17)
[ConvertToStatefulBaseWidget] 2023-11-06T14:21:04.972808 #34     _rootRun (dart:async/zone.dart:1399:13)
[ConvertToStatefulBaseWidget] 2023-11-06T14:21:04.972808 #35     _CustomZone.run (dart:async/zone.dart:1301:19)
[ConvertToStatefulBaseWidget] 2023-11-06T14:21:04.972808 #36     _CustomZone.bindCallback.<anonymous closure> (dart:async/zone.dart:1233:23)
[ConvertToStatefulBaseWidget] 2023-11-06T14:21:04.972808 #37     runPostRunCallbacks (package:custom_lint_core/src/plugin_base.dart:16:19)
[ConvertToStatefulBaseWidget] 2023-11-06T14:21:04.972808 #38     _ClientAnalyzerPlugin.handleEditGetAssists (package:custom_lint_builder/src/client.dart:463:5)
[ConvertToStatefulBaseWidget] 2023-11-06T14:21:04.972808 <asynchronous suspension>
[ConvertToStatefulBaseWidget] 2023-11-06T14:21:04.972808 #39     ServerPlugin._getResponse (package:analyzer_plugin/plugin/plugin.dart:556:18)
[ConvertToStatefulBaseWidget] 2023-11-06T14:21:04.972808 <asynchronous suspension>
[ConvertToStatefulBaseWidget] 2023-11-06T14:21:04.972808 #40     ServerPlugin._onRequest (package:analyzer_plugin/plugin/plugin.dart:599:18)
[ConvertToStatefulBaseWidget] 2023-11-06T14:21:04.972808 <asynchronous suspension>
[ConvertToStatefulBaseWidget] 2023-11-06T14:21:04.972808
[ConvertToStatelessBaseWidget] 2023-11-06T14:21:04.979791 Plugin ConvertToStatelessBaseWidget threw while analyzing C:\Repo\movies_objbox_riverpod\lib\presentation\widgets\moviespage.dart:
[ConvertToStatelessBaseWidget] 2023-11-06T14:21:04.979791 InconsistentAnalysisException: Requested result might be inconsistent with previously returned results
[ConvertToStatelessBaseWidget] 2023-11-06T14:21:04.979791
[ConvertToStatelessBaseWidget] 2023-11-06T14:21:04.979791 #0      AnalysisSessionImpl._checkConsistency (package:analyzer/src/dart/analysis/session.dart:135:7)
[ConvertToStatelessBaseWidget] 2023-11-06T14:21:04.979791 #1      AnalysisSessionImpl.getResolvedUnit (package:analyzer/src/dart/analysis/session.dart:121:5)
[ConvertToStatelessBaseWidget] 2023-11-06T14:21:04.979791 #2      ChangeBuilderImpl._createDartFileEditBuilder (package:analyzer_plugin/src/utilities/change_builder/change_builder_core.dart:287:33)
[ConvertToStatelessBaseWidget] 2023-11-06T14:21:04.979791 #3      ChangeBuilderImpl.addDartFileEdit (package:analyzer_plugin/src/utilities/change_builder/change_builder_core.dart:136:23)
[ConvertToStatelessBaseWidget] 2023-11-06T14:21:04.979791 #4      _ChangeBuilderImpl.addDartFileEdit (package:custom_lint_core/src/change_reporter.dart:116:33)
[ConvertToStatelessBaseWidget] 2023-11-06T14:21:04.979791 #5      ConvertToStatelessBaseWidget._convertStatelessToStatelessWidget (package:riverpod_lint/src/assists/convert_to_stateless_base_widget.dart:79:19)
[ConvertToStatelessBaseWidget] 2023-11-06T14:21:04.979791 #6      ConvertToStatelessBaseWidget.run.<anonymous closure> (package:riverpod_lint/src/assists/convert_to_stateless_base_widget.dart:46:9)
[ConvertToStatelessBaseWidget] 2023-11-06T14:21:04.979791 #7      _rootRunUnary (dart:async/zone.dart:1415:13)
[ConvertToStatelessBaseWidget] 2023-11-06T14:21:04.979791 #8      _CustomZone.runUnary (dart:async/zone.dart:1308:19)
[ConvertToStatelessBaseWidget] 2023-11-06T14:21:04.979791 #9      LinterVisitor._runSubscriptions (package:custom_lint_core/src/node_lint_visitor.g.dart:29:27)
[ConvertToStatelessBaseWidget] 2023-11-06T14:21:04.979791 #10     LinterVisitor.visitExtendsClause (package:custom_lint_core/src/node_lint_visitor.g.dart:387:5)
[ConvertToStatelessBaseWidget] 2023-11-06T14:21:04.979791 #11     ExtendsClauseImpl.accept (package:analyzer/src/dart/ast/ast.dart:6406:50)
[ConvertToStatelessBaseWidget] 2023-11-06T14:21:04.979791 #12     ClassDeclarationImpl.visitChildren (package:analyzer/src/dart/ast/ast.dart:2899:20)
[ConvertToStatelessBaseWidget] 2023-11-06T14:21:04.979791 #13     GeneralizingAstVisitor.visitNode (package:analyzer/dart/ast/visitor.dart:535:10)
[ConvertToStatelessBaseWidget] 2023-11-06T14:21:04.979791 #14     LinterVisitor.visitNode (package:custom_lint_core/src/node_lint_visitor.g.dart:784:11)
[ConvertToStatelessBaseWidget] 2023-11-06T14:21:04.979791 #15     GeneralizingAstVisitor.visitAnnotatedNode (package:analyzer/dart/ast/visitor.dart:137:48)
[ConvertToStatelessBaseWidget] 2023-11-06T14:21:04.979791 #16     LinterVisitor.visitAnnotatedNode (package:custom_lint_core/src/node_lint_visitor.g.dart:46:11)
[ConvertToStatelessBaseWidget] 2023-11-06T14:21:04.979791 #17     GeneralizingAstVisitor.visitDeclaration (package:analyzer/dart/ast/visitor.dart:260:44)
[ConvertToStatelessBaseWidget] 2023-11-06T14:21:04.979791 #18     LinterVisitor.visitDeclaration (package:custom_lint_core/src/node_lint_visitor.g.dart:286:11)
[ConvertToStatelessBaseWidget] 2023-11-06T14:21:04.979791 #19     GeneralizingAstVisitor.visitCompilationUnitMember (package:analyzer/dart/ast/visitor.dart:222:7)
[ConvertToStatelessBaseWidget] 2023-11-06T14:21:04.979791 #20     LinterVisitor.visitCompilationUnitMember (package:custom_lint_core/src/node_lint_visitor.g.dart:214:11)
[ConvertToStatelessBaseWidget] 2023-11-06T14:21:04.979791 #21     GeneralizingAstVisitor.visitNamedCompilationUnitMember (package:analyzer/dart/ast/visitor.dart:516:7)
[ConvertToStatelessBaseWidget] 2023-11-06T14:21:04.979791 #22     LinterVisitor.visitNamedCompilationUnitMember (package:custom_lint_core/src/node_lint_visitor.g.dart:748:11)
[ConvertToStatelessBaseWidget] 2023-11-06T14:21:04.979791 #23     GeneralizingAstVisitor.visitClassDeclaration (package:analyzer/dart/ast/visitor.dart:201:7)
[ConvertToStatelessBaseWidget] 2023-11-06T14:21:04.979791 #24     LinterVisitor.visitClassDeclaration (package:custom_lint_core/src/node_lint_visitor.g.dart:166:11)
[ConvertToStatelessBaseWidget] 2023-11-06T14:21:04.979791 #25     ClassDeclarationImpl.accept (package:analyzer/src/dart/ast/ast.dart:2893:50)
[ConvertToStatelessBaseWidget] 2023-11-06T14:21:04.979791 #26     NodeListImpl.accept (package:analyzer/src/dart/ast/ast.dart:12998:20)
[ConvertToStatelessBaseWidget] 2023-11-06T14:21:04.979791 #27     CompilationUnitImpl.visitChildren (package:analyzer/src/dart/ast/ast.dart:3631:21)
[ConvertToStatelessBaseWidget] 2023-11-06T14:21:04.979791 #28     GeneralizingAstVisitor.visitNode (package:analyzer/dart/ast/visitor.dart:535:10)
[ConvertToStatelessBaseWidget] 2023-11-06T14:21:04.979791 #29     LinterVisitor.visitNode (package:custom_lint_core/src/node_lint_visitor.g.dart:784:11)
[ConvertToStatelessBaseWidget] 2023-11-06T14:21:04.979791 #30     GeneralizingAstVisitor.visitCompilationUnit (package:analyzer/dart/ast/visitor.dart:219:52)
[ConvertToStatelessBaseWidget] 2023-11-06T14:21:04.979791 #31     LinterVisitor.visitCompilationUnit (package:custom_lint_core/src/node_lint_visitor.g.dart:208:11)
[ConvertToStatelessBaseWidget] 2023-11-06T14:21:04.979791 #32     CompilationUnitImpl.accept (package:analyzer/src/dart/ast/ast.dart:3624:50)
[ConvertToStatelessBaseWidget] 2023-11-06T14:21:04.979791 #33     DartAssist.startUp.<anonymous closure> (package:custom_lint_core/src/assist.dart:81:17)
[ConvertToStatelessBaseWidget] 2023-11-06T14:21:04.979791 #34     _rootRun (dart:async/zone.dart:1399:13)
[ConvertToStatelessBaseWidget] 2023-11-06T14:21:04.979791 #35     _CustomZone.run (dart:async/zone.dart:1301:19)
[ConvertToStatelessBaseWidget] 2023-11-06T14:21:04.979791 #36     _CustomZone.bindCallback.<anonymous closure> (dart:async/zone.dart:1233:23)
[ConvertToStatelessBaseWidget] 2023-11-06T14:21:04.979791 #37     runPostRunCallbacks (package:custom_lint_core/src/plugin_base.dart:16:19)
[ConvertToStatelessBaseWidget] 2023-11-06T14:21:04.979791 #38     _ClientAnalyzerPlugin.handleEditGetAssists (package:custom_lint_builder/src/client.dart:463:5)
[ConvertToStatelessBaseWidget] 2023-11-06T14:21:04.979791 <asynchronous suspension>
[ConvertToStatelessBaseWidget] 2023-11-06T14:21:04.979791 #39     ServerPlugin._getResponse (package:analyzer_plugin/plugin/plugin.dart:556:18)
[ConvertToStatelessBaseWidget] 2023-11-06T14:21:04.979791 <asynchronous suspension>
[ConvertToStatelessBaseWidget] 2023-11-06T14:21:04.979791 #40     ServerPlugin._onRequest (package:analyzer_plugin/plugin/plugin.dart:599:18)
[ConvertToStatelessBaseWidget] 2023-11-06T14:21:04.979791 <asynchronous suspension>
[ConvertToStatelessBaseWidget] 2023-11-06T14:21:04.979791
[ConvertToStatefulBaseWidget] 2023-11-06T14:21:04.986773 Plugin ConvertToStatefulBaseWidget threw while analyzing C:\Repo\movies_objbox_riverpod\lib\presentation\widgets\moviespage.dart:
[ConvertToStatefulBaseWidget] 2023-11-06T14:21:04.986773 InconsistentAnalysisException: Requested result might be inconsistent with previously returned results
[ConvertToStatefulBaseWidget] 2023-11-06T14:21:04.986773
[ConvertToStatefulBaseWidget] 2023-11-06T14:21:04.986773 #0      AnalysisSessionImpl._checkConsistency (package:analyzer/src/dart/analysis/session.dart:135:7)
[ConvertToStatefulBaseWidget] 2023-11-06T14:21:04.986773 #1      AnalysisSessionImpl.getResolvedUnit (package:analyzer/src/dart/analysis/session.dart:121:5)
[ConvertToStatefulBaseWidget] 2023-11-06T14:21:04.986773 #2      ChangeBuilderImpl._createDartFileEditBuilder (package:analyzer_plugin/src/utilities/change_builder/change_builder_core.dart:287:33)
[ConvertToStatefulBaseWidget] 2023-11-06T14:21:04.986773 #3      ChangeBuilderImpl.addDartFileEdit (package:analyzer_plugin/src/utilities/change_builder/change_builder_core.dart:136:23)
[ConvertToStatefulBaseWidget] 2023-11-06T14:21:04.986773 #4      _ChangeBuilderImpl.addDartFileEdit (package:custom_lint_core/src/change_reporter.dart:116:33)
[ConvertToStatefulBaseWidget] 2023-11-06T14:21:04.986773 #5      ConvertToStatefulBaseWidget._convertStatelessToStatefulWidget (package:riverpod_lint/src/assists/convert_to_stateful_base_widget.dart:76:19)
[ConvertToStatefulBaseWidget] 2023-11-06T14:21:04.986773 #6      ConvertToStatefulBaseWidget.run.<anonymous closure> (package:riverpod_lint/src/assists/convert_to_stateful_base_widget.dart:46:9)
[ConvertToStatefulBaseWidget] 2023-11-06T14:21:04.986773 #7      _rootRunUnary (dart:async/zone.dart:1415:13)
[ConvertToStatefulBaseWidget] 2023-11-06T14:21:04.986773 #8      _CustomZone.runUnary (dart:async/zone.dart:1308:19)
[ConvertToStatefulBaseWidget] 2023-11-06T14:21:04.986773 #9      LinterVisitor._runSubscriptions (package:custom_lint_core/src/node_lint_visitor.g.dart:29:27)
[ConvertToStatefulBaseWidget] 2023-11-06T14:21:04.986773 #10     LinterVisitor.visitExtendsClause (package:custom_lint_core/src/node_lint_visitor.g.dart:387:5)
[ConvertToStatefulBaseWidget] 2023-11-06T14:21:04.986773 #11     ExtendsClauseImpl.accept (package:analyzer/src/dart/ast/ast.dart:6406:50)
[ConvertToStatefulBaseWidget] 2023-11-06T14:21:04.986773 #12     ClassDeclarationImpl.visitChildren (package:analyzer/src/dart/ast/ast.dart:2899:20)
[ConvertToStatefulBaseWidget] 2023-11-06T14:21:04.986773 #13     GeneralizingAstVisitor.visitNode (package:analyzer/dart/ast/visitor.dart:535:10)
[ConvertToStatefulBaseWidget] 2023-11-06T14:21:04.986773 #14     LinterVisitor.visitNode (package:custom_lint_core/src/node_lint_visitor.g.dart:784:11)
[ConvertToStatefulBaseWidget] 2023-11-06T14:21:04.986773 #15     GeneralizingAstVisitor.visitAnnotatedNode (package:analyzer/dart/ast/visitor.dart:137:48)
[ConvertToStatefulBaseWidget] 2023-11-06T14:21:04.986773 #16     LinterVisitor.visitAnnotatedNode (package:custom_lint_core/src/node_lint_visitor.g.dart:46:11)
[ConvertToStatefulBaseWidget] 2023-11-06T14:21:04.986773 #17     GeneralizingAstVisitor.visitDeclaration (package:analyzer/dart/ast/visitor.dart:260:44)
[ConvertToStatefulBaseWidget] 2023-11-06T14:21:04.986773 #18     LinterVisitor.visitDeclaration (package:custom_lint_core/src/node_lint_visitor.g.dart:286:11)
[ConvertToStatefulBaseWidget] 2023-11-06T14:21:04.986773 #19     GeneralizingAstVisitor.visitCompilationUnitMember (package:analyzer/dart/ast/visitor.dart:222:7)
[ConvertToStatefulBaseWidget] 2023-11-06T14:21:04.986773 #20     LinterVisitor.visitCompilationUnitMember (package:custom_lint_core/src/node_lint_visitor.g.dart:214:11)
[ConvertToStatefulBaseWidget] 2023-11-06T14:21:04.986773 #21     GeneralizingAstVisitor.visitNamedCompilationUnitMember (package:analyzer/dart/ast/visitor.dart:516:7)
[ConvertToStatefulBaseWidget] 2023-11-06T14:21:04.986773 #22     LinterVisitor.visitNamedCompilationUnitMember (package:custom_lint_core/src/node_lint_visitor.g.dart:748:11)
[ConvertToStatefulBaseWidget] 2023-11-06T14:21:04.986773 #23     GeneralizingAstVisitor.visitClassDeclaration (package:analyzer/dart/ast/visitor.dart:201:7)
[ConvertToStatefulBaseWidget] 2023-11-06T14:21:04.986773 #24     LinterVisitor.visitClassDeclaration (package:custom_lint_core/src/node_lint_visitor.g.dart:166:11)
[ConvertToStatefulBaseWidget] 2023-11-06T14:21:04.986773 #25     ClassDeclarationImpl.accept (package:analyzer/src/dart/ast/ast.dart:2893:50)
[ConvertToStatefulBaseWidget] 2023-11-06T14:21:04.986773 #26     NodeListImpl.accept (package:analyzer/src/dart/ast/ast.dart:12998:20)
[ConvertToStatefulBaseWidget] 2023-11-06T14:21:04.986773 #27     CompilationUnitImpl.visitChildren (package:analyzer/src/dart/ast/ast.dart:3631:21)
[ConvertToStatefulBaseWidget] 2023-11-06T14:21:04.986773 #28     GeneralizingAstVisitor.visitNode (package:analyzer/dart/ast/visitor.dart:535:10)
[ConvertToStatefulBaseWidget] 2023-11-06T14:21:04.986773 #29     LinterVisitor.visitNode (package:custom_lint_core/src/node_lint_visitor.g.dart:784:11)
[ConvertToStatefulBaseWidget] 2023-11-06T14:21:04.986773 #30     GeneralizingAstVisitor.visitCompilationUnit (package:analyzer/dart/ast/visitor.dart:219:52)
[ConvertToStatefulBaseWidget] 2023-11-06T14:21:04.986773 #31     LinterVisitor.visitCompilationUnit (package:custom_lint_core/src/node_lint_visitor.g.dart:208:11)
[ConvertToStatefulBaseWidget] 2023-11-06T14:21:04.986773 #32     CompilationUnitImpl.accept (package:analyzer/src/dart/ast/ast.dart:3624:50)
[ConvertToStatefulBaseWidget] 2023-11-06T14:21:04.986773 #33     DartAssist.startUp.<anonymous closure> (package:custom_lint_core/src/assist.dart:81:17)
[ConvertToStatefulBaseWidget] 2023-11-06T14:21:04.986773 #34     _rootRun (dart:async/zone.dart:1399:13)
[ConvertToStatefulBaseWidget] 2023-11-06T14:21:04.986773 #35     _CustomZone.run (dart:async/zone.dart:1301:19)
[ConvertToStatefulBaseWidget] 2023-11-06T14:21:04.986773 #36     _CustomZone.bindCallback.<anonymous closure> (dart:async/zone.dart:1233:23)
[ConvertToStatefulBaseWidget] 2023-11-06T14:21:04.986773 #37     runPostRunCallbacks (package:custom_lint_core/src/plugin_base.dart:16:19)
[ConvertToStatefulBaseWidget] 2023-11-06T14:21:04.986773 #38     _ClientAnalyzerPlugin.handleEditGetAssists (package:custom_lint_builder/src/client.dart:463:5)
[ConvertToStatefulBaseWidget] 2023-11-06T14:21:04.986773 <asynchronous suspension>
[ConvertToStatefulBaseWidget] 2023-11-06T14:21:04.986773 #39     ServerPlugin._getResponse (package:analyzer_plugin/plugin/plugin.dart:556:18)
[ConvertToStatefulBaseWidget] 2023-11-06T14:21:04.986773 <asynchronous suspension>
[ConvertToStatefulBaseWidget] 2023-11-06T14:21:04.986773 #40     ServerPlugin._onRequest (package:analyzer_plugin/plugin/plugin.dart:599:18)
[ConvertToStatefulBaseWidget] 2023-11-06T14:21:04.986773 <asynchronous suspension>
[ConvertToStatefulBaseWidget] 2023-11-06T14:21:04.986773
[ConvertToStatelessBaseWidget] 2023-11-06T14:21:04.993754 Plugin ConvertToStatelessBaseWidget threw while analyzing C:\Repo\movies_objbox_riverpod\lib\presentation\widgets\moviespage.dart:
[ConvertToStatelessBaseWidget] 2023-11-06T14:21:04.993754 InconsistentAnalysisException: Requested result might be inconsistent with previously returned results
[ConvertToStatelessBaseWidget] 2023-11-06T14:21:04.993754
[ConvertToStatelessBaseWidget] 2023-11-06T14:21:04.993754 #0      AnalysisSessionImpl._checkConsistency (package:analyzer/src/dart/analysis/session.dart:135:7)
[ConvertToStatelessBaseWidget] 2023-11-06T14:21:04.993754 #1      AnalysisSessionImpl.getResolvedUnit (package:analyzer/src/dart/analysis/session.dart:121:5)
[ConvertToStatelessBaseWidget] 2023-11-06T14:21:04.993754 #2      ChangeBuilderImpl._createDartFileEditBuilder (package:analyzer_plugin/src/utilities/change_builder/change_builder_core.dart:287:33)
[ConvertToStatelessBaseWidget] 2023-11-06T14:21:04.993754 #3      ChangeBuilderImpl.addDartFileEdit (package:analyzer_plugin/src/utilities/change_builder/change_builder_core.dart:136:23)
[ConvertToStatelessBaseWidget] 2023-11-06T14:21:04.993754 #4      _ChangeBuilderImpl.addDartFileEdit (package:custom_lint_core/src/change_reporter.dart:116:33)
[ConvertToStatelessBaseWidget] 2023-11-06T14:21:04.993754 #5      ConvertToStatelessBaseWidget._convertStatelessToStatelessWidget (package:riverpod_lint/src/assists/convert_to_stateless_base_widget.dart:79:19)
[ConvertToStatelessBaseWidget] 2023-11-06T14:21:04.993754 #6      ConvertToStatelessBaseWidget.run.<anonymous closure> (package:riverpod_lint/src/assists/convert_to_stateless_base_widget.dart:46:9)
[ConvertToStatelessBaseWidget] 2023-11-06T14:21:04.993754 #7      _rootRunUnary (dart:async/zone.dart:1415:13)
[ConvertToStatelessBaseWidget] 2023-11-06T14:21:04.993754 #8      _CustomZone.runUnary (dart:async/zone.dart:1308:19)
[ConvertToStatelessBaseWidget] 2023-11-06T14:21:04.993754 #9      LinterVisitor._runSubscriptions (package:custom_lint_core/src/node_lint_visitor.g.dart:29:27)
[ConvertToStatelessBaseWidget] 2023-11-06T14:21:04.993754 #10     LinterVisitor.visitExtendsClause (package:custom_lint_core/src/node_lint_visitor.g.dart:387:5)
[ConvertToStatelessBaseWidget] 2023-11-06T14:21:04.993754 #11     ExtendsClauseImpl.accept (package:analyzer/src/dart/ast/ast.dart:6406:50)
[ConvertToStatelessBaseWidget] 2023-11-06T14:21:04.993754 #12     ClassDeclarationImpl.visitChildren (package:analyzer/src/dart/ast/ast.dart:2899:20)
[ConvertToStatelessBaseWidget] 2023-11-06T14:21:04.993754 #13     GeneralizingAstVisitor.visitNode (package:analyzer/dart/ast/visitor.dart:535:10)
[ConvertToStatelessBaseWidget] 2023-11-06T14:21:04.993754 #14     LinterVisitor.visitNode (package:custom_lint_core/src/node_lint_visitor.g.dart:784:11)
[ConvertToStatelessBaseWidget] 2023-11-06T14:21:04.993754 #15     GeneralizingAstVisitor.visitAnnotatedNode (package:analyzer/dart/ast/visitor.dart:137:48)
[ConvertToStatelessBaseWidget] 2023-11-06T14:21:04.993754 #16     LinterVisitor.visitAnnotatedNode (package:custom_lint_core/src/node_lint_visitor.g.dart:46:11)
[ConvertToStatelessBaseWidget] 2023-11-06T14:21:04.993754 #17     GeneralizingAstVisitor.visitDeclaration (package:analyzer/dart/ast/visitor.dart:260:44)
[ConvertToStatelessBaseWidget] 2023-11-06T14:21:04.993754 #18     LinterVisitor.visitDeclaration (package:custom_lint_core/src/node_lint_visitor.g.dart:286:11)
[ConvertToStatelessBaseWidget] 2023-11-06T14:21:04.993754 #19     GeneralizingAstVisitor.visitCompilationUnitMember (package:analyzer/dart/ast/visitor.dart:222:7)
[ConvertToStatelessBaseWidget] 2023-11-06T14:21:04.993754 #20     LinterVisitor.visitCompilationUnitMember (package:custom_lint_core/src/node_lint_visitor.g.dart:214:11)
[ConvertToStatelessBaseWidget] 2023-11-06T14:21:04.993754 #21     GeneralizingAstVisitor.visitNamedCompilationUnitMember (package:analyzer/dart/ast/visitor.dart:516:7)
[ConvertToStatelessBaseWidget] 2023-11-06T14:21:04.993754 #22     LinterVisitor.visitNamedCompilationUnitMember (package:custom_lint_core/src/node_lint_visitor.g.dart:748:11)
[ConvertToStatelessBaseWidget] 2023-11-06T14:21:04.993754 #23     GeneralizingAstVisitor.visitClassDeclaration (package:analyzer/dart/ast/visitor.dart:201:7)
[ConvertToStatelessBaseWidget] 2023-11-06T14:21:04.993754 #24     LinterVisitor.visitClassDeclaration (package:custom_lint_core/src/node_lint_visitor.g.dart:166:11)
[ConvertToStatelessBaseWidget] 2023-11-06T14:21:04.993754 #25     ClassDeclarationImpl.accept (package:analyzer/src/dart/ast/ast.dart:2893:50)
[ConvertToStatelessBaseWidget] 2023-11-06T14:21:04.993754 #26     NodeListImpl.accept (package:analyzer/src/dart/ast/ast.dart:12998:20)
[ConvertToStatelessBaseWidget] 2023-11-06T14:21:04.993754 #27     CompilationUnitImpl.visitChildren (package:analyzer/src/dart/ast/ast.dart:3631:21)
[ConvertToStatelessBaseWidget] 2023-11-06T14:21:04.993754 #28     GeneralizingAstVisitor.visitNode (package:analyzer/dart/ast/visitor.dart:535:10)
[ConvertToStatelessBaseWidget] 2023-11-06T14:21:04.993754 #29     LinterVisitor.visitNode (package:custom_lint_core/src/node_lint_visitor.g.dart:784:11)
[ConvertToStatelessBaseWidget] 2023-11-06T14:21:04.993754 #30     GeneralizingAstVisitor.visitCompilationUnit (package:analyzer/dart/ast/visitor.dart:219:52)
[ConvertToStatelessBaseWidget] 2023-11-06T14:21:04.993754 #31     LinterVisitor.visitCompilationUnit (package:custom_lint_core/src/node_lint_visitor.g.dart:208:11)
[ConvertToStatelessBaseWidget] 2023-11-06T14:21:04.993754 #32     CompilationUnitImpl.accept (package:analyzer/src/dart/ast/ast.dart:3624:50)
[ConvertToStatelessBaseWidget] 2023-11-06T14:21:04.993754 #33     DartAssist.startUp.<anonymous closure> (package:custom_lint_core/src/assist.dart:81:17)
[ConvertToStatelessBaseWidget] 2023-11-06T14:21:04.993754 #34     _rootRun (dart:async/zone.dart:1399:13)
[ConvertToStatelessBaseWidget] 2023-11-06T14:21:04.993754 #35     _CustomZone.run (dart:async/zone.dart:1301:19)
[ConvertToStatelessBaseWidget] 2023-11-06T14:21:04.993754 #36     _CustomZone.bindCallback.<anonymous closure> (dart:async/zone.dart:1233:23)
[ConvertToStatelessBaseWidget] 2023-11-06T14:21:04.993754 #37     runPostRunCallbacks (package:custom_lint_core/src/plugin_base.dart:16:19)
[ConvertToStatelessBaseWidget] 2023-11-06T14:21:04.993754 #38     _ClientAnalyzerPlugin.handleEditGetAssists (package:custom_lint_builder/src/client.dart:463:5)
[ConvertToStatelessBaseWidget] 2023-11-06T14:21:04.993754 <asynchronous suspension>
[ConvertToStatelessBaseWidget] 2023-11-06T14:21:04.993754 #39     ServerPlugin._getResponse (package:analyzer_plugin/plugin/plugin.dart:556:18)
[ConvertToStatelessBaseWidget] 2023-11-06T14:21:04.993754 <asynchronous suspension>
[ConvertToStatelessBaseWidget] 2023-11-06T14:21:04.993754 #40     ServerPlugin._onRequest (package:analyzer_plugin/plugin/plugin.dart:599:18)
[ConvertToStatelessBaseWidget] 2023-11-06T14:21:04.993754 <asynchronous suspension>
[ConvertToStatelessBaseWidget] 2023-11-06T14:21:04.993754
[ConvertToStatefulBaseWidget] 2023-11-06T14:21:05.000735 Plugin ConvertToStatefulBaseWidget threw while analyzing C:\Repo\movies_objbox_riverpod\lib\presentation\widgets\moviespage.dart:
[ConvertToStatefulBaseWidget] 2023-11-06T14:21:05.000735 InconsistentAnalysisException: Requested result might be inconsistent with previously returned results
[ConvertToStatefulBaseWidget] 2023-11-06T14:21:05.000735
[ConvertToStatefulBaseWidget] 2023-11-06T14:21:05.000735 #0      AnalysisSessionImpl._checkConsistency (package:analyzer/src/dart/analysis/session.dart:135:7)
[ConvertToStatefulBaseWidget] 2023-11-06T14:21:05.000735 #1      AnalysisSessionImpl.getResolvedUnit (package:analyzer/src/dart/analysis/session.dart:121:5)
[ConvertToStatefulBaseWidget] 2023-11-06T14:21:05.000735 #2      ChangeBuilderImpl._createDartFileEditBuilder (package:analyzer_plugin/src/utilities/change_builder/change_builder_core.dart:287:33)
[ConvertToStatefulBaseWidget] 2023-11-06T14:21:05.000735 #3      ChangeBuilderImpl.addDartFileEdit (package:analyzer_plugin/src/utilities/change_builder/change_builder_core.dart:136:23)
[ConvertToStatefulBaseWidget] 2023-11-06T14:21:05.000735 #4      _ChangeBuilderImpl.addDartFileEdit (package:custom_lint_core/src/change_reporter.dart:116:33)
[ConvertToStatefulBaseWidget] 2023-11-06T14:21:05.000735 #5      ConvertToStatefulBaseWidget._convertStatelessToStatefulWidget (package:riverpod_lint/src/assists/convert_to_stateful_base_widget.dart:76:19)
[ConvertToStatefulBaseWidget] 2023-11-06T14:21:05.000735 #6      ConvertToStatefulBaseWidget.run.<anonymous closure> (package:riverpod_lint/src/assists/convert_to_stateful_base_widget.dart:46:9)
[ConvertToStatefulBaseWidget] 2023-11-06T14:21:05.000735 #7      _rootRunUnary (dart:async/zone.dart:1415:13)
[ConvertToStatefulBaseWidget] 2023-11-06T14:21:05.000735 #8      _CustomZone.runUnary (dart:async/zone.dart:1308:19)
[ConvertToStatefulBaseWidget] 2023-11-06T14:21:05.000735 #9      LinterVisitor._runSubscriptions (package:custom_lint_core/src/node_lint_visitor.g.dart:29:27)
[ConvertToStatefulBaseWidget] 2023-11-06T14:21:05.000735 #10     LinterVisitor.visitExtendsClause (package:custom_lint_core/src/node_lint_visitor.g.dart:387:5)
[ConvertToStatefulBaseWidget] 2023-11-06T14:21:05.000735 #11     ExtendsClauseImpl.accept (package:analyzer/src/dart/ast/ast.dart:6406:50)
[ConvertToStatefulBaseWidget] 2023-11-06T14:21:05.000735 #12     ClassDeclarationImpl.visitChildren (package:analyzer/src/dart/ast/ast.dart:2899:20)
[ConvertToStatefulBaseWidget] 2023-11-06T14:21:05.000735 #13     GeneralizingAstVisitor.visitNode (package:analyzer/dart/ast/visitor.dart:535:10)
[ConvertToStatefulBaseWidget] 2023-11-06T14:21:05.000735 #14     LinterVisitor.visitNode (package:custom_lint_core/src/node_lint_visitor.g.dart:784:11)
[ConvertToStatefulBaseWidget] 2023-11-06T14:21:05.000735 #15     GeneralizingAstVisitor.visitAnnotatedNode (package:analyzer/dart/ast/visitor.dart:137:48)
[ConvertToStatefulBaseWidget] 2023-11-06T14:21:05.000735 #16     LinterVisitor.visitAnnotatedNode (package:custom_lint_core/src/node_lint_visitor.g.dart:46:11)
[ConvertToStatefulBaseWidget] 2023-11-06T14:21:05.000735 #17     GeneralizingAstVisitor.visitDeclaration (package:analyzer/dart/ast/visitor.dart:260:44)
[ConvertToStatefulBaseWidget] 2023-11-06T14:21:05.000735 #18     LinterVisitor.visitDeclaration (package:custom_lint_core/src/node_lint_visitor.g.dart:286:11)
[ConvertToStatefulBaseWidget] 2023-11-06T14:21:05.000735 #19     GeneralizingAstVisitor.visitCompilationUnitMember (package:analyzer/dart/ast/visitor.dart:222:7)
[ConvertToStatefulBaseWidget] 2023-11-06T14:21:05.000735 #20     LinterVisitor.visitCompilationUnitMember (package:custom_lint_core/src/node_lint_visitor.g.dart:214:11)
[ConvertToStatefulBaseWidget] 2023-11-06T14:21:05.000735 #21     GeneralizingAstVisitor.visitNamedCompilationUnitMember (package:analyzer/dart/ast/visitor.dart:516:7)
[ConvertToStatefulBaseWidget] 2023-11-06T14:21:05.000735 #22     LinterVisitor.visitNamedCompilationUnitMember (package:custom_lint_core/src/node_lint_visitor.g.dart:748:11)
[ConvertToStatefulBaseWidget] 2023-11-06T14:21:05.000735 #23     GeneralizingAstVisitor.visitClassDeclaration (package:analyzer/dart/ast/visitor.dart:201:7)
[ConvertToStatefulBaseWidget] 2023-11-06T14:21:05.000735 #24     LinterVisitor.visitClassDeclaration (package:custom_lint_core/src/node_lint_visitor.g.dart:166:11)
[ConvertToStatefulBaseWidget] 2023-11-06T14:21:05.000735 #25     ClassDeclarationImpl.accept (package:analyzer/src/dart/ast/ast.dart:2893:50)
[ConvertToStatefulBaseWidget] 2023-11-06T14:21:05.000735 #26     NodeListImpl.accept (package:analyzer/src/dart/ast/ast.dart:12998:20)
[ConvertToStatefulBaseWidget] 2023-11-06T14:21:05.000735 #27     CompilationUnitImpl.visitChildren (package:analyzer/src/dart/ast/ast.dart:3631:21)
[ConvertToStatefulBaseWidget] 2023-11-06T14:21:05.000735 #28     GeneralizingAstVisitor.visitNode (package:analyzer/dart/ast/visitor.dart:535:10)
[ConvertToStatefulBaseWidget] 2023-11-06T14:21:05.000735 #29     LinterVisitor.visitNode (package:custom_lint_core/src/node_lint_visitor.g.dart:784:11)
[ConvertToStatefulBaseWidget] 2023-11-06T14:21:05.000735 #30     GeneralizingAstVisitor.visitCompilationUnit (package:analyzer/dart/ast/visitor.dart:219:52)
[ConvertToStatefulBaseWidget] 2023-11-06T14:21:05.000735 #31     LinterVisitor.visitCompilationUnit (package:custom_lint_core/src/node_lint_visitor.g.dart:208:11)
[ConvertToStatefulBaseWidget] 2023-11-06T14:21:05.000735 #32     CompilationUnitImpl.accept (package:analyzer/src/dart/ast/ast.dart:3624:50)
[ConvertToStatefulBaseWidget] 2023-11-06T14:21:05.000735 #33     DartAssist.startUp.<anonymous closure> (package:custom_lint_core/src/assist.dart:81:17)
[ConvertToStatefulBaseWidget] 2023-11-06T14:21:05.000735 #34     _rootRun (dart:async/zone.dart:1399:13)
[ConvertToStatefulBaseWidget] 2023-11-06T14:21:05.000735 #35     _CustomZone.run (dart:async/zone.dart:1301:19)
[ConvertToStatefulBaseWidget] 2023-11-06T14:21:05.000735 #36     _CustomZone.bindCallback.<anonymous closure> (dart:async/zone.dart:1233:23)
[ConvertToStatefulBaseWidget] 2023-11-06T14:21:05.000735 #37     runPostRunCallbacks (package:custom_lint_core/src/plugin_base.dart:16:19)
[ConvertToStatefulBaseWidget] 2023-11-06T14:21:05.000735 #38     _ClientAnalyzerPlugin.handleEditGetAssists (package:custom_lint_builder/src/client.dart:463:5)
[ConvertToStatefulBaseWidget] 2023-11-06T14:21:05.000735 <asynchronous suspension>
[ConvertToStatefulBaseWidget] 2023-11-06T14:21:05.000735 #39     ServerPlugin._getResponse (package:analyzer_plugin/plugin/plugin.dart:556:18)
[ConvertToStatefulBaseWidget] 2023-11-06T14:21:05.000735 <asynchronous suspension>
[ConvertToStatefulBaseWidget] 2023-11-06T14:21:05.000735 #40     ServerPlugin._onRequest (package:analyzer_plugin/plugin/plugin.dart:599:18)
[ConvertToStatefulBaseWidget] 2023-11-06T14:21:05.000735 <asynchronous suspension>
[ConvertToStatefulBaseWidget] 2023-11-06T14:21:05.000735
[ConvertToStatelessBaseWidget] 2023-11-06T14:21:05.007715 Plugin ConvertToStatelessBaseWidget threw while analyzing C:\Repo\movies_objbox_riverpod\lib\presentation\widgets\moviespage.dart:
[ConvertToStatelessBaseWidget] 2023-11-06T14:21:05.007715 InconsistentAnalysisException: Requested result might be inconsistent with previously returned results
[ConvertToStatelessBaseWidget] 2023-11-06T14:21:05.007715
[ConvertToStatelessBaseWidget] 2023-11-06T14:21:05.007715 #0      AnalysisSessionImpl._checkConsistency (package:analyzer/src/dart/analysis/session.dart:135:7)
[ConvertToStatelessBaseWidget] 2023-11-06T14:21:05.007715 #1      AnalysisSessionImpl.getResolvedUnit (package:analyzer/src/dart/analysis/session.dart:121:5)
[ConvertToStatelessBaseWidget] 2023-11-06T14:21:05.007715 #2      ChangeBuilderImpl._createDartFileEditBuilder (package:analyzer_plugin/src/utilities/change_builder/change_builder_core.dart:287:33)
[ConvertToStatelessBaseWidget] 2023-11-06T14:21:05.007715 #3      ChangeBuilderImpl.addDartFileEdit (package:analyzer_plugin/src/utilities/change_builder/change_builder_core.dart:136:23)
[ConvertToStatelessBaseWidget] 2023-11-06T14:21:05.007715 #4      _ChangeBuilderImpl.addDartFileEdit (package:custom_lint_core/src/change_reporter.dart:116:33)
[ConvertToStatelessBaseWidget] 2023-11-06T14:21:05.007715 #5      ConvertToStatelessBaseWidget._convertStatelessToStatelessWidget (package:riverpod_lint/src/assists/convert_to_stateless_base_widget.dart:79:19)
[ConvertToStatelessBaseWidget] 2023-11-06T14:21:05.007715 #6      ConvertToStatelessBaseWidget.run.<anonymous closure> (package:riverpod_lint/src/assists/convert_to_stateless_base_widget.dart:46:9)
[ConvertToStatelessBaseWidget] 2023-11-06T14:21:05.007715 #7      _rootRunUnary (dart:async/zone.dart:1415:13)
[ConvertToStatelessBaseWidget] 2023-11-06T14:21:05.007715 #8      _CustomZone.runUnary (dart:async/zone.dart:1308:19)
[ConvertToStatelessBaseWidget] 2023-11-06T14:21:05.007715 #9      LinterVisitor._runSubscriptions (package:custom_lint_core/src/node_lint_visitor.g.dart:29:27)
[ConvertToStatelessBaseWidget] 2023-11-06T14:21:05.007715 #10     LinterVisitor.visitExtendsClause (package:custom_lint_core/src/node_lint_visitor.g.dart:387:5)
[ConvertToStatelessBaseWidget] 2023-11-06T14:21:05.007715 #11     ExtendsClauseImpl.accept (package:analyzer/src/dart/ast/ast.dart:6406:50)
[ConvertToStatelessBaseWidget] 2023-11-06T14:21:05.007715 #12     ClassDeclarationImpl.visitChildren (package:analyzer/src/dart/ast/ast.dart:2899:20)
[ConvertToStatelessBaseWidget] 2023-11-06T14:21:05.007715 #13     GeneralizingAstVisitor.visitNode (package:analyzer/dart/ast/visitor.dart:535:10)
[ConvertToStatelessBaseWidget] 2023-11-06T14:21:05.007715 #14     LinterVisitor.visitNode (package:custom_lint_core/src/node_lint_visitor.g.dart:784:11)
[ConvertToStatelessBaseWidget] 2023-11-06T14:21:05.007715 #15     GeneralizingAstVisitor.visitAnnotatedNode (package:analyzer/dart/ast/visitor.dart:137:48)
[ConvertToStatelessBaseWidget] 2023-11-06T14:21:05.007715 #16     LinterVisitor.visitAnnotatedNode (package:custom_lint_core/src/node_lint_visitor.g.dart:46:11)
[ConvertToStatelessBaseWidget] 2023-11-06T14:21:05.007715 #17     GeneralizingAstVisitor.visitDeclaration (package:analyzer/dart/ast/visitor.dart:260:44)
[ConvertToStatelessBaseWidget] 2023-11-06T14:21:05.007715 #18     LinterVisitor.visitDeclaration (package:custom_lint_core/src/node_lint_visitor.g.dart:286:11)
[ConvertToStatelessBaseWidget] 2023-11-06T14:21:05.007715 #19     GeneralizingAstVisitor.visitCompilationUnitMember (package:analyzer/dart/ast/visitor.dart:222:7)
[ConvertToStatelessBaseWidget] 2023-11-06T14:21:05.007715 #20     LinterVisitor.visitCompilationUnitMember (package:custom_lint_core/src/node_lint_visitor.g.dart:214:11)
[ConvertToStatelessBaseWidget] 2023-11-06T14:21:05.007715 #21     GeneralizingAstVisitor.visitNamedCompilationUnitMember (package:analyzer/dart/ast/visitor.dart:516:7)
[ConvertToStatelessBaseWidget] 2023-11-06T14:21:05.007715 #22     LinterVisitor.visitNamedCompilationUnitMember (package:custom_lint_core/src/node_lint_visitor.g.dart:748:11)
[ConvertToStatelessBaseWidget] 2023-11-06T14:21:05.007715 #23     GeneralizingAstVisitor.visitClassDeclaration (package:analyzer/dart/ast/visitor.dart:201:7)
[ConvertToStatelessBaseWidget] 2023-11-06T14:21:05.007715 #24     LinterVisitor.visitClassDeclaration (package:custom_lint_core/src/node_lint_visitor.g.dart:166:11)
[ConvertToStatelessBaseWidget] 2023-11-06T14:21:05.007715 #25     ClassDeclarationImpl.accept (package:analyzer/src/dart/ast/ast.dart:2893:50)
[ConvertToStatelessBaseWidget] 2023-11-06T14:21:05.007715 #26     NodeListImpl.accept (package:analyzer/src/dart/ast/ast.dart:12998:20)
[ConvertToStatelessBaseWidget] 2023-11-06T14:21:05.007715 #27     CompilationUnitImpl.visitChildren (package:analyzer/src/dart/ast/ast.dart:3631:21)
[ConvertToStatelessBaseWidget] 2023-11-06T14:21:05.007715 #28     GeneralizingAstVisitor.visitNode (package:analyzer/dart/ast/visitor.dart:535:10)
[ConvertToStatelessBaseWidget] 2023-11-06T14:21:05.007715 #29     LinterVisitor.visitNode (package:custom_lint_core/src/node_lint_visitor.g.dart:784:11)
[ConvertToStatelessBaseWidget] 2023-11-06T14:21:05.007715 #30     GeneralizingAstVisitor.visitCompilationUnit (package:analyzer/dart/ast/visitor.dart:219:52)
[ConvertToStatelessBaseWidget] 2023-11-06T14:21:05.007715 #31     LinterVisitor.visitCompilationUnit (package:custom_lint_core/src/node_lint_visitor.g.dart:208:11)
[ConvertToStatelessBaseWidget] 2023-11-06T14:21:05.007715 #32     CompilationUnitImpl.accept (package:analyzer/src/dart/ast/ast.dart:3624:50)
[ConvertToStatelessBaseWidget] 2023-11-06T14:21:05.007715 #33     DartAssist.startUp.<anonymous closure> (package:custom_lint_core/src/assist.dart:81:17)
[ConvertToStatelessBaseWidget] 2023-11-06T14:21:05.007715 #34     _rootRun (dart:async/zone.dart:1399:13)
[ConvertToStatelessBaseWidget] 2023-11-06T14:21:05.007715 #35     _CustomZone.run (dart:async/zone.dart:1301:19)
[ConvertToStatelessBaseWidget] 2023-11-06T14:21:05.007715 #36     _CustomZone.bindCallback.<anonymous closure> (dart:async/zone.dart:1233:23)
[ConvertToStatelessBaseWidget] 2023-11-06T14:21:05.007715 #37     runPostRunCallbacks (package:custom_lint_core/src/plugin_base.dart:16:19)
[ConvertToStatelessBaseWidget] 2023-11-06T14:21:05.007715 #38     _ClientAnalyzerPlugin.handleEditGetAssists (package:custom_lint_builder/src/client.dart:463:5)
[ConvertToStatelessBaseWidget] 2023-11-06T14:21:05.007715 <asynchronous suspension>
[ConvertToStatelessBaseWidget] 2023-11-06T14:21:05.007715 #39     ServerPlugin._getResponse (package:analyzer_plugin/plugin/plugin.dart:556:18)
[ConvertToStatelessBaseWidget] 2023-11-06T14:21:05.007715 <asynchronous suspension>
[ConvertToStatelessBaseWidget] 2023-11-06T14:21:05.007715 #40     ServerPlugin._onRequest (package:analyzer_plugin/plugin/plugin.dart:599:18)
[ConvertToStatelessBaseWidget] 2023-11-06T14:21:05.007715 <asynchronous suspension>
[ConvertToStatelessBaseWidget] 2023-11-06T14:21:05.007715
[ConvertToStatefulBaseWidget] 2023-11-06T14:21:05.013700 Plugin ConvertToStatefulBaseWidget threw while analyzing C:\Repo\movies_objbox_riverpod\lib\presentation\widgets\moviespage.dart:
[ConvertToStatefulBaseWidget] 2023-11-06T14:21:05.013700 InconsistentAnalysisException: Requested result might be inconsistent with previously returned results
[ConvertToStatefulBaseWidget] 2023-11-06T14:21:05.013700
[ConvertToStatefulBaseWidget] 2023-11-06T14:21:05.013700 #0      AnalysisSessionImpl._checkConsistency (package:analyzer/src/dart/analysis/session.dart:135:7)
[ConvertToStatefulBaseWidget] 2023-11-06T14:21:05.013700 #1      AnalysisSessionImpl.getResolvedUnit (package:analyzer/src/dart/analysis/session.dart:121:5)
[ConvertToStatefulBaseWidget] 2023-11-06T14:21:05.013700 #2      ChangeBuilderImpl._createDartFileEditBuilder (package:analyzer_plugin/src/utilities/change_builder/change_builder_core.dart:287:33)
[ConvertToStatefulBaseWidget] 2023-11-06T14:21:05.013700 #3      ChangeBuilderImpl.addDartFileEdit (package:analyzer_plugin/src/utilities/change_builder/change_builder_core.dart:136:23)
[ConvertToStatefulBaseWidget] 2023-11-06T14:21:05.013700 #4      _ChangeBuilderImpl.addDartFileEdit (package:custom_lint_core/src/change_reporter.dart:116:33)
[ConvertToStatefulBaseWidget] 2023-11-06T14:21:05.013700 #5      ConvertToStatefulBaseWidget._convertStatelessToStatefulWidget (package:riverpod_lint/src/assists/convert_to_stateful_base_widget.dart:76:19)
[ConvertToStatefulBaseWidget] 2023-11-06T14:21:05.013700 #6      ConvertToStatefulBaseWidget.run.<anonymous closure> (package:riverpod_lint/src/assists/convert_to_stateful_base_widget.dart:46:9)
[ConvertToStatefulBaseWidget] 2023-11-06T14:21:05.013700 #7      _rootRunUnary (dart:async/zone.dart:1415:13)
[ConvertToStatefulBaseWidget] 2023-11-06T14:21:05.013700 #8      _CustomZone.runUnary (dart:async/zone.dart:1308:19)
[ConvertToStatefulBaseWidget] 2023-11-06T14:21:05.013700 #9      LinterVisitor._runSubscriptions (package:custom_lint_core/src/node_lint_visitor.g.dart:29:27)
[ConvertToStatefulBaseWidget] 2023-11-06T14:21:05.013700 #10     LinterVisitor.visitExtendsClause (package:custom_lint_core/src/node_lint_visitor.g.dart:387:5)
[ConvertToStatefulBaseWidget] 2023-11-06T14:21:05.013700 #11     ExtendsClauseImpl.accept (package:analyzer/src/dart/ast/ast.dart:6406:50)
[ConvertToStatefulBaseWidget] 2023-11-06T14:21:05.013700 #12     ClassDeclarationImpl.visitChildren (package:analyzer/src/dart/ast/ast.dart:2899:20)
[ConvertToStatefulBaseWidget] 2023-11-06T14:21:05.013700 #13     GeneralizingAstVisitor.visitNode (package:analyzer/dart/ast/visitor.dart:535:10)
[ConvertToStatefulBaseWidget] 2023-11-06T14:21:05.013700 #14     LinterVisitor.visitNode (package:custom_lint_core/src/node_lint_visitor.g.dart:784:11)
[ConvertToStatefulBaseWidget] 2023-11-06T14:21:05.013700 #15     GeneralizingAstVisitor.visitAnnotatedNode (package:analyzer/dart/ast/visitor.dart:137:48)
[ConvertToStatefulBaseWidget] 2023-11-06T14:21:05.013700 #16     LinterVisitor.visitAnnotatedNode (package:custom_lint_core/src/node_lint_visitor.g.dart:46:11)
[ConvertToStatefulBaseWidget] 2023-11-06T14:21:05.013700 #17     GeneralizingAstVisitor.visitDeclaration (package:analyzer/dart/ast/visitor.dart:260:44)
[ConvertToStatefulBaseWidget] 2023-11-06T14:21:05.013700 #18     LinterVisitor.visitDeclaration (package:custom_lint_core/src/node_lint_visitor.g.dart:286:11)
[ConvertToStatefulBaseWidget] 2023-11-06T14:21:05.013700 #19     GeneralizingAstVisitor.visitCompilationUnitMember (package:analyzer/dart/ast/visitor.dart:222:7)
[ConvertToStatefulBaseWidget] 2023-11-06T14:21:05.013700 #20     LinterVisitor.visitCompilationUnitMember (package:custom_lint_core/src/node_lint_visitor.g.dart:214:11)
[ConvertToStatefulBaseWidget] 2023-11-06T14:21:05.013700 #21     GeneralizingAstVisitor.visitNamedCompilationUnitMember (package:analyzer/dart/ast/visitor.dart:516:7)
[ConvertToStatefulBaseWidget] 2023-11-06T14:21:05.013700 #22     LinterVisitor.visitNamedCompilationUnitMember (package:custom_lint_core/src/node_lint_visitor.g.dart:748:11)
[ConvertToStatefulBaseWidget] 2023-11-06T14:21:05.013700 #23     GeneralizingAstVisitor.visitClassDeclaration (package:analyzer/dart/ast/visitor.dart:201:7)
[ConvertToStatefulBaseWidget] 2023-11-06T14:21:05.013700 #24     LinterVisitor.visitClassDeclaration (package:custom_lint_core/src/node_lint_visitor.g.dart:166:11)
[ConvertToStatefulBaseWidget] 2023-11-06T14:21:05.013700 #25     ClassDeclarationImpl.accept (package:analyzer/src/dart/ast/ast.dart:2893:50)
[ConvertToStatefulBaseWidget] 2023-11-06T14:21:05.013700 #26     NodeListImpl.accept (package:analyzer/src/dart/ast/ast.dart:12998:20)
[ConvertToStatefulBaseWidget] 2023-11-06T14:21:05.013700 #27     CompilationUnitImpl.visitChildren (package:analyzer/src/dart/ast/ast.dart:3631:21)
[ConvertToStatefulBaseWidget] 2023-11-06T14:21:05.013700 #28     GeneralizingAstVisitor.visitNode (package:analyzer/dart/ast/visitor.dart:535:10)
[ConvertToStatefulBaseWidget] 2023-11-06T14:21:05.013700 #29     LinterVisitor.visitNode (package:custom_lint_core/src/node_lint_visitor.g.dart:784:11)
[ConvertToStatefulBaseWidget] 2023-11-06T14:21:05.013700 #30     GeneralizingAstVisitor.visitCompilationUnit (package:analyzer/dart/ast/visitor.dart:219:52)
[ConvertToStatefulBaseWidget] 2023-11-06T14:21:05.013700 #31     LinterVisitor.visitCompilationUnit (package:custom_lint_core/src/node_lint_visitor.g.dart:208:11)
[ConvertToStatefulBaseWidget] 2023-11-06T14:21:05.013700 #32     CompilationUnitImpl.accept (package:analyzer/src/dart/ast/ast.dart:3624:50)
[ConvertToStatefulBaseWidget] 2023-11-06T14:21:05.013700 #33     DartAssist.startUp.<anonymous closure> (package:custom_lint_core/src/assist.dart:81:17)
[ConvertToStatefulBaseWidget] 2023-11-06T14:21:05.013700 #34     _rootRun (dart:async/zone.dart:1399:13)
[ConvertToStatefulBaseWidget] 2023-11-06T14:21:05.013700 #35     _CustomZone.run (dart:async/zone.dart:1301:19)
[ConvertToStatefulBaseWidget] 2023-11-06T14:21:05.013700 #36     _CustomZone.bindCallback.<anonymous closure> (dart:async/zone.dart:1233:23)
[ConvertToStatefulBaseWidget] 2023-11-06T14:21:05.013700 #37     runPostRunCallbacks (package:custom_lint_core/src/plugin_base.dart:16:19)
[ConvertToStatefulBaseWidget] 2023-11-06T14:21:05.013700 #38     _ClientAnalyzerPlugin.handleEditGetAssists (package:custom_lint_builder/src/client.dart:463:5)
[ConvertToStatefulBaseWidget] 2023-11-06T14:21:05.013700 <asynchronous suspension>
[ConvertToStatefulBaseWidget] 2023-11-06T14:21:05.013700 #39     ServerPlugin._getResponse (package:analyzer_plugin/plugin/plugin.dart:556:18)
[ConvertToStatefulBaseWidget] 2023-11-06T14:21:05.013700 <asynchronous suspension>
[ConvertToStatefulBaseWidget] 2023-11-06T14:21:05.013700 #40     ServerPlugin._onRequest (package:analyzer_plugin/plugin/plugin.dart:599:18)
[ConvertToStatefulBaseWidget] 2023-11-06T14:21:05.013700 <asynchronous suspension>
[ConvertToStatefulBaseWidget] 2023-11-06T14:21:05.013700
The Dart VM service is listening on http://127.0.0.1:54456/-Uvg8NgQbfg=/
The Dart DevTools debugger and profiler is available at: http://127.0.0.1:54456/-Uvg8NgQbfg=/devtools?uri=ws://127.0.0.1:54456/-Uvg8NgQbfg=/ws
The Dart VM service is listening on http://127.0.0.1:59976/cmjjQxQwQN4=/
The Dart DevTools debugger and profiler is available at: http://127.0.0.1:59976/cmjjQxQwQN4=/devtools?uri=ws://127.0.0.1:59976/cmjjQxQwQN4=/ws
The Dart VM service is listening on http://127.0.0.1:62333/fRbZ_MjATug=/
The Dart DevTools debugger and profiler is available at: http://127.0.0.1:62333/fRbZ_MjATug=/devtools?uri=ws://127.0.0.1:62333/fRbZ_MjATug=/ws
The Dart VM service is listening on http://127.0.0.1:62643/vVxtLqtoR3g=/
The Dart DevTools debugger and profiler is available at: http://127.0.0.1:62643/vVxtLqtoR3g=/devtools?uri=ws://127.0.0.1:62643/vVxtLqtoR3g=/ws
The Dart VM service is listening on http://127.0.0.1:62830/TCHcJSzKmNM=/
The Dart DevTools debugger and profiler is available at: http://127.0.0.1:62830/TCHcJSzKmNM=/devtools?uri=ws://127.0.0.1:62830/TCHcJSzKmNM=/ws
The Dart VM service is listening on http://127.0.0.1:63560/VAtPmv8EF-g=/
The Dart DevTools debugger and profiler is available at: http://127.0.0.1:63560/VAtPmv8EF-g=/devtools?uri=ws://127.0.0.1:63560/VAtPmv8EF-g=/ws
The Dart VM service is listening on http://127.0.0.1:63997/DgtniOsjWGI=/
The Dart DevTools debugger and profiler is available at: http://127.0.0.1:63997/DgtniOsjWGI=/devtools?uri=ws://127.0.0.1:63997/DgtniOsjWGI=/ws
The Dart VM service is listening on http://127.0.0.1:64149/4vPht7K-WMQ=/
The Dart DevTools debugger and profiler is available at: http://127.0.0.1:64149/4vPht7K-WMQ=/devtools?uri=ws://127.0.0.1:64149/4vPht7K-WMQ=/ws
The Dart VM service is listening on http://127.0.0.1:49954/fxjK7DhtZ5o=/
The Dart DevTools debugger and profiler is available at: http://127.0.0.1:49954/fxjK7DhtZ5o=/devtools?uri=ws://127.0.0.1:49954/fxjK7DhtZ5o=/ws
